2010.02.01 16:41:51.646 CET INFO: *** SYSTEM START ***
2010.02.01 16:42:43.890 CET WARNING: [Local Folder Repository] The specified file must be a directory. (/Users/pawelmuller/Sites/studienarbeit.home/eclipse_workspace/GWTLexikonGUI/war/plugins/edu.stanford.smi.protegex.owl) -- LocalFolderRepository.update()
2010.02.01 16:42:44.177 CET INFO: Loading triples from: null -- ProtegeOWLParser.loadTriples()
2010.02.01 16:42:46.950 CET INFO:     Loaded 10000 triples 1 -- ProtegeOWLParser$ProtegeOWLStatementHandler.printTriplesLoadLogMessage()
2010.02.01 16:42:48.357 CET INFO:     Loaded 20000 triples 1 -- ProtegeOWLParser$ProtegeOWLStatementHandler.printTriplesLoadLogMessage()
2010.02.01 16:42:50.191 CET INFO:     Loaded 30000 triples 1 -- ProtegeOWLParser$ProtegeOWLStatementHandler.printTriplesLoadLogMessage()
2010.02.01 16:42:50.684 CET INFO:     Completed triple loading after 6268 ms -- ProtegeOWLParser.loadTriples()
2010.02.01 16:42:50.687 CET INFO: Postprocess: Process entities with incorrect Java type (0 entities) ...  -- TriplePostProcessor.processFramesWithWrongJavaType()
2010.02.01 16:42:50.688 CET INFO: 0 ms
 -- TriplePostProcessor.processFramesWithWrongJavaType()
2010.02.01 16:42:50.690 CET INFO: Postprocess: Process metaclasses (3 metaclasses) ...  -- TriplePostProcessor.processMetaclasses()
2010.02.01 16:42:50.690 CET INFO: 0 ms
 -- TriplePostProcessor.processMetaclasses()
2010.02.01 16:42:50.691 CET INFO: Postprocess: Process subclasses of rdf:List (1 classes) ...  -- TriplePostProcessor.processSubclassesOfRdfList()
2010.02.01 16:42:50.692 CET INFO: 0 ms
 -- TriplePostProcessor.processSubclassesOfRdfList()
2010.02.01 16:42:50.692 CET INFO: Postprocess: Instances with multiple types (6654 instances) ...  -- TriplePostProcessor.processInstancesWithMultipleTypes()
2010.02.01 16:42:56.729 CET INFO: 6035 ms
 -- TriplePostProcessor.processInstancesWithMultipleTypes()
2010.02.01 16:42:56.730 CET INFO: Postprocess: Add inferred superclasses ...  -- TriplePostProcessor.processInferredSuperclasses()
2010.02.01 16:42:56.780 CET INFO: 49 ms
 -- TriplePostProcessor.processInferredSuperclasses()
2010.02.01 16:42:56.787 CET INFO: Postprocess: Process orphan classes (1294 classes) ...  -- TriplePostProcessor.processOrphanClses()
2010.02.01 16:43:17.337 CET INFO: 20549 ms
 -- TriplePostProcessor.processOrphanClses()
2010.02.01 16:43:17.338 CET INFO: Postprocess: Generalized Concept Inclusion (0 axioms) ...  -- TriplePostProcessor.processGeneralizedConceptInclusions()
2010.02.01 16:43:17.338 CET INFO: 0 ms
 -- TriplePostProcessor.processGeneralizedConceptInclusions()
2010.02.01 16:43:17.339 CET INFO: Postprocess: Abstract classes...  -- TriplePostProcessor.processAbstractClasses()
2010.02.01 16:43:17.340 CET INFO: 0 ms
 -- TriplePostProcessor.processAbstractClasses()
2010.02.01 16:43:17.340 CET INFO: Postprocess: Domain and range of properties...  -- TriplePostProcessor.processDomainAndRange()
2010.02.01 16:43:17.805 CET INFO: 463 ms
 -- TriplePostProcessor.processDomainAndRange()
2010.02.01 16:43:17.806 CET INFO: Postprocess: Possibly typed entities (0 resources) ...  -- TriplePostProcessor.processPossiblyTypedResources()
2010.02.01 16:43:17.807 CET INFO: 0 ms
 -- TriplePostProcessor.processPossiblyTypedResources()
2010.02.01 16:43:17.808 CET INFO: Updating underlying frames model in 0 ms -- ProtegeOWLParser.doFinalPostProcessing()
2010.02.01 16:52:12.211 CET CONFIG: Protege 3.4.1 Build 537, JVM 1.5.0_20-b02-315, memory=532M, Mac OS X, encoding=UTF-8, language=de, country=DE -- SystemUtilities.logSystemInfo()
2010.02.01 16:52:12.231 CET WARNING: Plugins directory not found: /Users/pawelmuller/Sites/studienarbeit.home/eclipse_workspace/GWTLexikonGUI/war/plugins -- PluginUtilities.findPluginsDirectory()
2010.02.01 16:52:12.841 CET WARNING: [Local Folder Repository] The specified file must be a directory. (/Users/pawelmuller/Sites/studienarbeit.home/eclipse_workspace/GWTLexikonGUI/war/plugins/edu.stanford.smi.protegex.owl) -- LocalFolderRepository.update()
2010.02.01 16:52:12.868 CET INFO: Loading triples from: null -- ProtegeOWLParser.loadTriples()
2010.02.01 16:52:14.828 CET INFO:     Loaded 10000 triples 1 -- ProtegeOWLParser$ProtegeOWLStatementHandler.printTriplesLoadLogMessage()
2010.02.01 16:52:16.103 CET INFO:     Loaded 20000 triples 1 -- ProtegeOWLParser$ProtegeOWLStatementHandler.printTriplesLoadLogMessage()
2010.02.01 16:52:17.726 CET INFO:     Loaded 30000 triples 1 -- ProtegeOWLParser$ProtegeOWLStatementHandler.printTriplesLoadLogMessage()
2010.02.01 16:52:18.145 CET INFO:     Completed triple loading after 5208 ms -- ProtegeOWLParser.loadTriples()
2010.02.01 16:52:18.148 CET INFO: Postprocess: Process entities with incorrect Java type (0 entities) ...  -- TriplePostProcessor.processFramesWithWrongJavaType()
2010.02.01 16:52:18.149 CET INFO: 0 ms
 -- TriplePostProcessor.processFramesWithWrongJavaType()
2010.02.01 16:52:18.150 CET INFO: Postprocess: Process metaclasses (3 metaclasses) ...  -- TriplePostProcessor.processMetaclasses()
2010.02.01 16:52:18.151 CET INFO: 1 ms
 -- TriplePostProcessor.processMetaclasses()
2010.02.01 16:52:18.152 CET INFO: Postprocess: Process subclasses of rdf:List (1 classes) ...  -- TriplePostProcessor.processSubclassesOfRdfList()
2010.02.01 16:52:18.153 CET INFO: 0 ms
 -- TriplePostProcessor.processSubclassesOfRdfList()
2010.02.01 16:52:18.153 CET INFO: Postprocess: Instances with multiple types (6654 instances) ...  -- TriplePostProcessor.processInstancesWithMultipleTypes()
2010.02.01 16:52:23.895 CET INFO: 5740 ms
 -- TriplePostProcessor.processInstancesWithMultipleTypes()
2010.02.01 16:52:23.896 CET INFO: Postprocess: Add inferred superclasses ...  -- TriplePostProcessor.processInferredSuperclasses()
2010.02.01 16:52:23.902 CET INFO: 6 ms
 -- TriplePostProcessor.processInferredSuperclasses()
2010.02.01 16:52:23.909 CET INFO: Postprocess: Process orphan classes (1294 classes) ...  -- TriplePostProcessor.processOrphanClses()
2010.02.01 16:52:43.626 CET INFO: 19716 ms
 -- TriplePostProcessor.processOrphanClses()
2010.02.01 16:52:43.627 CET INFO: Postprocess: Generalized Concept Inclusion (0 axioms) ...  -- TriplePostProcessor.processGeneralizedConceptInclusions()
2010.02.01 16:52:43.628 CET INFO: 0 ms
 -- TriplePostProcessor.processGeneralizedConceptInclusions()
2010.02.01 16:52:43.630 CET INFO: Postprocess: Abstract classes...  -- TriplePostProcessor.processAbstractClasses()
2010.02.01 16:52:43.631 CET INFO: 0 ms
 -- TriplePostProcessor.processAbstractClasses()
2010.02.01 16:52:43.631 CET INFO: Postprocess: Domain and range of properties...  -- TriplePostProcessor.processDomainAndRange()
2010.02.01 16:52:44.033 CET INFO: 400 ms
 -- TriplePostProcessor.processDomainAndRange()
2010.02.01 16:52:44.035 CET INFO: Postprocess: Possibly typed entities (0 resources) ...  -- TriplePostProcessor.processPossiblyTypedResources()
2010.02.01 16:52:44.035 CET INFO: 0 ms
 -- TriplePostProcessor.processPossiblyTypedResources()
2010.02.01 16:52:44.037 CET INFO: Updating underlying frames model in 0 ms -- ProtegeOWLParser.doFinalPostProcessing()
2010.03.11 13:32:06.321 CET INFO: *** SYSTEM START ***
