2010.02.01 10:36:11.473 CET INFO: *** SYSTEM START ***
2010.02.01 10:36:12.379 CET WARNING: [Local Folder Repository] The specified file must be a directory. (/Users/pawelmuller/Sites/studienarbeit.home/eclipse_workspace/GWTLexikonGUI/war/plugins/edu.stanford.smi.protegex.owl) -- LocalFolderRepository.update()
2010.02.01 10:36:12.405 CET INFO: Loading triples from: null -- ProtegeOWLParser.loadTriples()
2010.02.01 10:36:14.010 CET INFO:     Loaded 10000 triples 1 -- ProtegeOWLParser$ProtegeOWLStatementHandler.printTriplesLoadLogMessage()
2010.02.01 10:36:15.394 CET INFO:     Loaded 20000 triples 1 -- ProtegeOWLParser$ProtegeOWLStatementHandler.printTriplesLoadLogMessage()
2010.02.01 10:36:17.104 CET INFO:     Loaded 30000 triples 1 -- ProtegeOWLParser$ProtegeOWLStatementHandler.printTriplesLoadLogMessage()
2010.02.01 10:36:17.574 CET INFO:     Completed triple loading after 5092 ms -- ProtegeOWLParser.loadTriples()
2010.02.01 10:36:17.577 CET INFO: Postprocess: Process entities with incorrect Java type (0 entities) ...  -- TriplePostProcessor.processFramesWithWrongJavaType()
2010.02.01 10:36:17.578 CET INFO: 0 ms
 -- TriplePostProcessor.processFramesWithWrongJavaType()
2010.02.01 10:36:17.578 CET INFO: Postprocess: Process metaclasses (3 metaclasses) ...  -- TriplePostProcessor.processMetaclasses()
2010.02.01 10:36:17.579 CET INFO: 0 ms
 -- TriplePostProcessor.processMetaclasses()
2010.02.01 10:36:17.580 CET INFO: Postprocess: Process subclasses of rdf:List (1 classes) ...  -- TriplePostProcessor.processSubclassesOfRdfList()
2010.02.01 10:36:17.580 CET INFO: 0 ms
 -- TriplePostProcessor.processSubclassesOfRdfList()
2010.02.01 10:36:17.580 CET INFO: Postprocess: Instances with multiple types (6654 instances) ...  -- TriplePostProcessor.processInstancesWithMultipleTypes()
2010.02.01 10:36:23.666 CET INFO: 6084 ms
 -- TriplePostProcessor.processInstancesWithMultipleTypes()
2010.02.01 10:36:23.666 CET INFO: Postprocess: Add inferred superclasses ...  -- TriplePostProcessor.processInferredSuperclasses()
2010.02.01 10:36:23.672 CET INFO: 5 ms
 -- TriplePostProcessor.processInferredSuperclasses()
2010.02.01 10:36:23.677 CET INFO: Postprocess: Process orphan classes (1294 classes) ...  -- TriplePostProcessor.processOrphanClses()
2010.02.01 10:36:43.051 CET INFO: 19373 ms
 -- TriplePostProcessor.processOrphanClses()
2010.02.01 10:36:43.051 CET INFO: Postprocess: Generalized Concept Inclusion (0 axioms) ...  -- TriplePostProcessor.processGeneralizedConceptInclusions()
2010.02.01 10:36:43.052 CET INFO: 0 ms
 -- TriplePostProcessor.processGeneralizedConceptInclusions()
2010.02.01 10:36:43.052 CET INFO: Postprocess: Abstract classes...  -- TriplePostProcessor.processAbstractClasses()
2010.02.01 10:36:43.053 CET INFO: 0 ms
 -- TriplePostProcessor.processAbstractClasses()
2010.02.01 10:36:43.053 CET INFO: Postprocess: Domain and range of properties...  -- TriplePostProcessor.processDomainAndRange()
2010.02.01 10:36:43.457 CET INFO: 404 ms
 -- TriplePostProcessor.processDomainAndRange()
2010.02.01 10:36:43.458 CET INFO: Postprocess: Possibly typed entities (0 resources) ...  -- TriplePostProcessor.processPossiblyTypedResources()
2010.02.01 10:36:43.459 CET INFO: 0 ms
 -- TriplePostProcessor.processPossiblyTypedResources()
2010.02.01 10:36:43.460 CET INFO: Updating underlying frames model in 0 ms -- ProtegeOWLParser.doFinalPostProcessing()
2010.02.01 10:40:08.972 CET CONFIG: Protege 3.4.1 Build 537, JVM 1.5.0_20-b02-315, memory=532M, Mac OS X, encoding=UTF-8, language=de, country=DE -- SystemUtilities.logSystemInfo()
2010.02.01 10:40:08.993 CET WARNING: Plugins directory not found: /Users/pawelmuller/Sites/studienarbeit.home/eclipse_workspace/GWTLexikonGUI/war/plugins -- PluginUtilities.findPluginsDirectory()
2010.02.01 10:40:09.608 CET WARNING: [Local Folder Repository] The specified file must be a directory. (/Users/pawelmuller/Sites/studienarbeit.home/eclipse_workspace/GWTLexikonGUI/war/plugins/edu.stanford.smi.protegex.owl) -- LocalFolderRepository.update()
2010.02.01 10:40:09.634 CET INFO: Loading triples from: null -- ProtegeOWLParser.loadTriples()
2010.02.01 10:40:11.607 CET INFO:     Loaded 10000 triples 1 -- ProtegeOWLParser$ProtegeOWLStatementHandler.printTriplesLoadLogMessage()
2010.02.01 10:40:12.996 CET INFO:     Loaded 20000 triples 1 -- ProtegeOWLParser$ProtegeOWLStatementHandler.printTriplesLoadLogMessage()
2010.02.01 10:40:14.697 CET INFO:     Loaded 30000 triples 1 -- ProtegeOWLParser$ProtegeOWLStatementHandler.printTriplesLoadLogMessage()
2010.02.01 10:40:15.127 CET INFO:     Completed triple loading after 5415 ms -- ProtegeOWLParser.loadTriples()
2010.02.01 10:40:15.131 CET INFO: Postprocess: Process entities with incorrect Java type (0 entities) ...  -- TriplePostProcessor.processFramesWithWrongJavaType()
2010.02.01 10:40:15.132 CET INFO: 0 ms
 -- TriplePostProcessor.processFramesWithWrongJavaType()
2010.02.01 10:40:15.133 CET INFO: Postprocess: Process metaclasses (3 metaclasses) ...  -- TriplePostProcessor.processMetaclasses()
2010.02.01 10:40:15.133 CET INFO: 0 ms
 -- TriplePostProcessor.processMetaclasses()
2010.02.01 10:40:15.134 CET INFO: Postprocess: Process subclasses of rdf:List (1 classes) ...  -- TriplePostProcessor.processSubclassesOfRdfList()
2010.02.01 10:40:15.134 CET INFO: 0 ms
 -- TriplePostProcessor.processSubclassesOfRdfList()
2010.02.01 10:40:15.135 CET INFO: Postprocess: Instances with multiple types (6654 instances) ...  -- TriplePostProcessor.processInstancesWithMultipleTypes()
2010.02.01 10:40:21.390 CET INFO: 6255 ms
 -- TriplePostProcessor.processInstancesWithMultipleTypes()
2010.02.01 10:40:21.391 CET INFO: Postprocess: Add inferred superclasses ...  -- TriplePostProcessor.processInferredSuperclasses()
2010.02.01 10:40:21.404 CET INFO: 12 ms
 -- TriplePostProcessor.processInferredSuperclasses()
2010.02.01 10:40:21.410 CET INFO: Postprocess: Process orphan classes (1294 classes) ...  -- TriplePostProcessor.processOrphanClses()
2010.02.01 10:40:40.756 CET INFO: 19346 ms
 -- TriplePostProcessor.processOrphanClses()
2010.02.01 10:40:40.757 CET INFO: Postprocess: Generalized Concept Inclusion (0 axioms) ...  -- TriplePostProcessor.processGeneralizedConceptInclusions()
2010.02.01 10:40:40.757 CET INFO: 0 ms
 -- TriplePostProcessor.processGeneralizedConceptInclusions()
2010.02.01 10:40:40.758 CET INFO: Postprocess: Abstract classes...  -- TriplePostProcessor.processAbstractClasses()
2010.02.01 10:40:40.758 CET INFO: 0 ms
 -- TriplePostProcessor.processAbstractClasses()
2010.02.01 10:40:40.759 CET INFO: Postprocess: Domain and range of properties...  -- TriplePostProcessor.processDomainAndRange()
2010.02.01 10:40:41.139 CET INFO: 379 ms
 -- TriplePostProcessor.processDomainAndRange()
2010.02.01 10:40:41.139 CET INFO: Postprocess: Possibly typed entities (0 resources) ...  -- TriplePostProcessor.processPossiblyTypedResources()
2010.02.01 10:40:41.140 CET INFO: 1 ms
 -- TriplePostProcessor.processPossiblyTypedResources()
2010.02.01 10:40:41.141 CET INFO: Updating underlying frames model in 1 ms -- ProtegeOWLParser.doFinalPostProcessing()
2010.02.01 11:57:55.401 CET CONFIG: Protege 3.4.1 Build 537, JVM 1.5.0_20-b02-315, memory=532M, Mac OS X, encoding=UTF-8, language=de, country=DE -- SystemUtilities.logSystemInfo()
2010.02.01 11:57:55.450 CET WARNING: Plugins directory not found: /Users/pawelmuller/Sites/studienarbeit.home/eclipse_workspace/GWTLexikonGUI/war/plugins -- PluginUtilities.findPluginsDirectory()
2010.02.01 11:58:06.372 CET WARNING: [Local Folder Repository] The specified file must be a directory. (/Users/pawelmuller/Sites/studienarbeit.home/eclipse_workspace/GWTLexikonGUI/war/plugins/edu.stanford.smi.protegex.owl) -- LocalFolderRepository.update()
2010.02.01 11:58:06.399 CET INFO: Loading triples from: null -- ProtegeOWLParser.loadTriples()
2010.02.01 11:58:08.164 CET INFO:     Loaded 10000 triples 1 -- ProtegeOWLParser$ProtegeOWLStatementHandler.printTriplesLoadLogMessage()
2010.02.01 11:58:09.735 CET INFO:     Loaded 20000 triples 1 -- ProtegeOWLParser$ProtegeOWLStatementHandler.printTriplesLoadLogMessage()
2010.02.01 11:58:11.552 CET INFO:     Loaded 30000 triples 1 -- ProtegeOWLParser$ProtegeOWLStatementHandler.printTriplesLoadLogMessage()
2010.02.01 11:58:11.968 CET INFO:     Completed triple loading after 5499 ms -- ProtegeOWLParser.loadTriples()
2010.02.01 11:58:11.971 CET INFO: Postprocess: Process entities with incorrect Java type (0 entities) ...  -- TriplePostProcessor.processFramesWithWrongJavaType()
2010.02.01 11:58:11.973 CET INFO: 0 ms
 -- TriplePostProcessor.processFramesWithWrongJavaType()
2010.02.01 11:58:11.974 CET INFO: Postprocess: Process metaclasses (3 metaclasses) ...  -- TriplePostProcessor.processMetaclasses()
2010.02.01 11:58:11.975 CET INFO: 0 ms
 -- TriplePostProcessor.processMetaclasses()
2010.02.01 11:58:12.013 CET INFO: Postprocess: Process subclasses of rdf:List (1 classes) ...  -- TriplePostProcessor.processSubclassesOfRdfList()
2010.02.01 11:58:12.014 CET INFO: 0 ms
 -- TriplePostProcessor.processSubclassesOfRdfList()
2010.02.01 11:58:12.015 CET INFO: Postprocess: Instances with multiple types (6654 instances) ...  -- TriplePostProcessor.processInstancesWithMultipleTypes()
2010.02.01 11:58:18.105 CET INFO: 6089 ms
 -- TriplePostProcessor.processInstancesWithMultipleTypes()
2010.02.01 11:58:18.106 CET INFO: Postprocess: Add inferred superclasses ...  -- TriplePostProcessor.processInferredSuperclasses()
2010.02.01 11:58:18.112 CET INFO: 6 ms
 -- TriplePostProcessor.processInferredSuperclasses()
2010.02.01 11:58:18.117 CET INFO: Postprocess: Process orphan classes (1294 classes) ...  -- TriplePostProcessor.processOrphanClses()
2010.02.01 11:58:38.567 CET INFO: 20449 ms
 -- TriplePostProcessor.processOrphanClses()
2010.02.01 11:58:38.568 CET INFO: Postprocess: Generalized Concept Inclusion (0 axioms) ...  -- TriplePostProcessor.processGeneralizedConceptInclusions()
2010.02.01 11:58:38.569 CET INFO: 0 ms
 -- TriplePostProcessor.processGeneralizedConceptInclusions()
2010.02.01 11:58:38.569 CET INFO: Postprocess: Abstract classes...  -- TriplePostProcessor.processAbstractClasses()
2010.02.01 11:58:38.570 CET INFO: 0 ms
 -- TriplePostProcessor.processAbstractClasses()
2010.02.01 11:58:38.571 CET INFO: Postprocess: Domain and range of properties...  -- TriplePostProcessor.processDomainAndRange()
2010.02.01 11:58:38.983 CET INFO: 411 ms
 -- TriplePostProcessor.processDomainAndRange()
2010.02.01 11:58:38.984 CET INFO: Postprocess: Possibly typed entities (0 resources) ...  -- TriplePostProcessor.processPossiblyTypedResources()
2010.02.01 11:58:38.984 CET INFO: 0 ms
 -- TriplePostProcessor.processPossiblyTypedResources()
2010.02.01 11:58:38.985 CET INFO: Updating underlying frames model in 0 ms -- ProtegeOWLParser.doFinalPostProcessing()
2010.02.01 13:16:11.387 CET INFO: *** SYSTEM START ***
2010.02.01 13:16:12.602 CET WARNING: [Local Folder Repository] The specified file must be a directory. (/Users/pawelmuller/Sites/studienarbeit.home/eclipse_workspace/GWTLexikonGUI/war/plugins/edu.stanford.smi.protegex.owl) -- LocalFolderRepository.update()
2010.02.01 13:16:12.653 CET INFO: Loading triples from: null -- ProtegeOWLParser.loadTriples()
2010.02.01 13:16:14.615 CET INFO:     Loaded 10000 triples 1 -- ProtegeOWLParser$ProtegeOWLStatementHandler.printTriplesLoadLogMessage()
2010.02.01 13:16:15.928 CET INFO:     Loaded 20000 triples 1 -- ProtegeOWLParser$ProtegeOWLStatementHandler.printTriplesLoadLogMessage()
2010.02.01 13:16:17.588 CET INFO:     Loaded 30000 triples 1 -- ProtegeOWLParser$ProtegeOWLStatementHandler.printTriplesLoadLogMessage()
2010.02.01 13:16:18.056 CET INFO:     Completed triple loading after 5276 ms -- ProtegeOWLParser.loadTriples()
2010.02.01 13:16:18.060 CET INFO: Postprocess: Process entities with incorrect Java type (0 entities) ...  -- TriplePostProcessor.processFramesWithWrongJavaType()
2010.02.01 13:16:18.061 CET INFO: 0 ms
 -- TriplePostProcessor.processFramesWithWrongJavaType()
2010.02.01 13:16:18.062 CET INFO: Postprocess: Process metaclasses (3 metaclasses) ...  -- TriplePostProcessor.processMetaclasses()
2010.02.01 13:16:18.063 CET INFO: 0 ms
 -- TriplePostProcessor.processMetaclasses()
2010.02.01 13:16:18.064 CET INFO: Postprocess: Process subclasses of rdf:List (1 classes) ...  -- TriplePostProcessor.processSubclassesOfRdfList()
2010.02.01 13:16:18.065 CET INFO: 0 ms
 -- TriplePostProcessor.processSubclassesOfRdfList()
2010.02.01 13:16:18.065 CET INFO: Postprocess: Instances with multiple types (6654 instances) ...  -- TriplePostProcessor.processInstancesWithMultipleTypes()
2010.02.01 13:16:23.838 CET INFO: 5772 ms
 -- TriplePostProcessor.processInstancesWithMultipleTypes()
2010.02.01 13:16:23.839 CET INFO: Postprocess: Add inferred superclasses ...  -- TriplePostProcessor.processInferredSuperclasses()
2010.02.01 13:16:23.860 CET INFO: 21 ms
 -- TriplePostProcessor.processInferredSuperclasses()
2010.02.01 13:16:23.870 CET INFO: Postprocess: Process orphan classes (1294 classes) ...  -- TriplePostProcessor.processOrphanClses()
2010.02.01 13:16:46.245 CET INFO: 22374 ms
 -- TriplePostProcessor.processOrphanClses()
2010.02.01 13:16:46.245 CET INFO: Postprocess: Generalized Concept Inclusion (0 axioms) ...  -- TriplePostProcessor.processGeneralizedConceptInclusions()
2010.02.01 13:16:46.246 CET INFO: 0 ms
 -- TriplePostProcessor.processGeneralizedConceptInclusions()
2010.02.01 13:16:46.246 CET INFO: Postprocess: Abstract classes...  -- TriplePostProcessor.processAbstractClasses()
2010.02.01 13:16:46.247 CET INFO: 1 ms
 -- TriplePostProcessor.processAbstractClasses()
2010.02.01 13:16:46.269 CET INFO: Postprocess: Domain and range of properties...  -- TriplePostProcessor.processDomainAndRange()
2010.02.01 13:16:46.738 CET INFO: 469 ms
 -- TriplePostProcessor.processDomainAndRange()
2010.02.01 13:16:46.739 CET INFO: Postprocess: Possibly typed entities (0 resources) ...  -- TriplePostProcessor.processPossiblyTypedResources()
2010.02.01 13:16:46.739 CET INFO: 0 ms
 -- TriplePostProcessor.processPossiblyTypedResources()
2010.02.01 13:16:46.740 CET INFO: Updating underlying frames model in 0 ms -- ProtegeOWLParser.doFinalPostProcessing()
2010.02.01 13:58:13.280 CET INFO: *** SYSTEM START ***
2010.02.01 13:58:16.673 CET WARNING: [Local Folder Repository] The specified file must be a directory. (/Users/pawelmuller/Sites/studienarbeit.home/eclipse_workspace/GWTLexikonGUI/war/plugins/edu.stanford.smi.protegex.owl) -- LocalFolderRepository.update()
2010.02.01 13:58:16.708 CET INFO: Loading triples from: null -- ProtegeOWLParser.loadTriples()
2010.02.01 13:58:18.305 CET INFO:     Loaded 10000 triples 1 -- ProtegeOWLParser$ProtegeOWLStatementHandler.printTriplesLoadLogMessage()
2010.02.01 13:58:19.700 CET INFO:     Loaded 20000 triples 1 -- ProtegeOWLParser$ProtegeOWLStatementHandler.printTriplesLoadLogMessage()
2010.02.01 13:58:21.431 CET INFO:     Loaded 30000 triples 1 -- ProtegeOWLParser$ProtegeOWLStatementHandler.printTriplesLoadLogMessage()
2010.02.01 13:58:21.893 CET INFO:     Completed triple loading after 5117 ms -- ProtegeOWLParser.loadTriples()
2010.02.01 13:58:21.896 CET INFO: Postprocess: Process entities with incorrect Java type (0 entities) ...  -- TriplePostProcessor.processFramesWithWrongJavaType()
2010.02.01 13:58:21.897 CET INFO: 0 ms
 -- TriplePostProcessor.processFramesWithWrongJavaType()
2010.02.01 13:58:21.897 CET INFO: Postprocess: Process metaclasses (3 metaclasses) ...  -- TriplePostProcessor.processMetaclasses()
2010.02.01 13:58:21.898 CET INFO: 0 ms
 -- TriplePostProcessor.processMetaclasses()
2010.02.01 13:58:21.898 CET INFO: Postprocess: Process subclasses of rdf:List (1 classes) ...  -- TriplePostProcessor.processSubclassesOfRdfList()
2010.02.01 13:58:21.899 CET INFO: 0 ms
 -- TriplePostProcessor.processSubclassesOfRdfList()
2010.02.01 13:58:21.899 CET INFO: Postprocess: Instances with multiple types (6654 instances) ...  -- TriplePostProcessor.processInstancesWithMultipleTypes()
2010.02.01 13:58:27.974 CET INFO: 6074 ms
 -- TriplePostProcessor.processInstancesWithMultipleTypes()
2010.02.01 13:58:27.974 CET INFO: Postprocess: Add inferred superclasses ...  -- TriplePostProcessor.processInferredSuperclasses()
2010.02.01 13:58:27.980 CET INFO: 5 ms
 -- TriplePostProcessor.processInferredSuperclasses()
2010.02.01 13:58:27.985 CET INFO: Postprocess: Process orphan classes (1294 classes) ...  -- TriplePostProcessor.processOrphanClses()
2010.02.01 13:58:47.100 CET INFO: 19114 ms
 -- TriplePostProcessor.processOrphanClses()
2010.02.01 13:58:47.101 CET INFO: Postprocess: Generalized Concept Inclusion (0 axioms) ...  -- TriplePostProcessor.processGeneralizedConceptInclusions()
2010.02.01 13:58:47.101 CET INFO: 0 ms
 -- TriplePostProcessor.processGeneralizedConceptInclusions()
2010.02.01 13:58:47.102 CET INFO: Postprocess: Abstract classes...  -- TriplePostProcessor.processAbstractClasses()
2010.02.01 13:58:47.102 CET INFO: 0 ms
 -- TriplePostProcessor.processAbstractClasses()
2010.02.01 13:58:47.102 CET INFO: Postprocess: Domain and range of properties...  -- TriplePostProcessor.processDomainAndRange()
2010.02.01 13:58:47.484 CET INFO: 381 ms
 -- TriplePostProcessor.processDomainAndRange()
2010.02.01 13:58:47.485 CET INFO: Postprocess: Possibly typed entities (0 resources) ...  -- TriplePostProcessor.processPossiblyTypedResources()
2010.02.01 13:58:47.485 CET INFO: 0 ms
 -- TriplePostProcessor.processPossiblyTypedResources()
2010.02.01 13:58:47.486 CET INFO: Updating underlying frames model in 0 ms -- ProtegeOWLParser.doFinalPostProcessing()
2010.02.01 14:49:10.344 CET CONFIG: Protege 3.4.1 Build 537, JVM 1.5.0_20-b02-315, memory=532M, Mac OS X, encoding=UTF-8, language=de, country=DE -- SystemUtilities.logSystemInfo()
2010.02.01 14:49:10.366 CET WARNING: Plugins directory not found: /Users/pawelmuller/Sites/studienarbeit.home/eclipse_workspace/GWTLexikonGUI/war/plugins -- PluginUtilities.findPluginsDirectory()
2010.02.01 14:49:11.083 CET WARNING: [Local Folder Repository] The specified file must be a directory. (/Users/pawelmuller/Sites/studienarbeit.home/eclipse_workspace/GWTLexikonGUI/war/plugins/edu.stanford.smi.protegex.owl) -- LocalFolderRepository.update()
2010.02.01 14:49:11.127 CET INFO: Loading triples from: null -- ProtegeOWLParser.loadTriples()
2010.02.01 14:49:13.466 CET INFO:     Loaded 10000 triples 1 -- ProtegeOWLParser$ProtegeOWLStatementHandler.printTriplesLoadLogMessage()
2010.02.01 14:49:14.940 CET INFO:     Loaded 20000 triples 1 -- ProtegeOWLParser$ProtegeOWLStatementHandler.printTriplesLoadLogMessage()
2010.02.01 14:49:16.702 CET INFO:     Loaded 30000 triples 1 -- ProtegeOWLParser$ProtegeOWLStatementHandler.printTriplesLoadLogMessage()
2010.02.01 14:49:17.154 CET INFO:     Completed triple loading after 5308 ms -- ProtegeOWLParser.loadTriples()
2010.02.01 14:49:17.158 CET INFO: Postprocess: Process entities with incorrect Java type (0 entities) ...  -- TriplePostProcessor.processFramesWithWrongJavaType()
2010.02.01 14:49:17.159 CET INFO: 0 ms
 -- TriplePostProcessor.processFramesWithWrongJavaType()
2010.02.01 14:49:17.160 CET INFO: Postprocess: Process metaclasses (3 metaclasses) ...  -- TriplePostProcessor.processMetaclasses()
2010.02.01 14:49:17.161 CET INFO: 0 ms
 -- TriplePostProcessor.processMetaclasses()
2010.02.01 14:49:17.161 CET INFO: Postprocess: Process subclasses of rdf:List (1 classes) ...  -- TriplePostProcessor.processSubclassesOfRdfList()
2010.02.01 14:49:17.162 CET INFO: 0 ms
 -- TriplePostProcessor.processSubclassesOfRdfList()
2010.02.01 14:49:17.163 CET INFO: Postprocess: Instances with multiple types (6654 instances) ...  -- TriplePostProcessor.processInstancesWithMultipleTypes()
2010.02.01 14:49:23.543 CET INFO: 6380 ms
 -- TriplePostProcessor.processInstancesWithMultipleTypes()
2010.02.01 14:49:23.544 CET INFO: Postprocess: Add inferred superclasses ...  -- TriplePostProcessor.processInferredSuperclasses()
2010.02.01 14:49:23.550 CET INFO: 5 ms
 -- TriplePostProcessor.processInferredSuperclasses()
2010.02.01 14:49:23.555 CET INFO: Postprocess: Process orphan classes (1294 classes) ...  -- TriplePostProcessor.processOrphanClses()
2010.02.01 14:49:43.711 CET INFO: 20155 ms
 -- TriplePostProcessor.processOrphanClses()
2010.02.01 14:49:43.711 CET INFO: Postprocess: Generalized Concept Inclusion (0 axioms) ...  -- TriplePostProcessor.processGeneralizedConceptInclusions()
2010.02.01 14:49:43.712 CET INFO: 0 ms
 -- TriplePostProcessor.processGeneralizedConceptInclusions()
2010.02.01 14:49:43.712 CET INFO: Postprocess: Abstract classes...  -- TriplePostProcessor.processAbstractClasses()
2010.02.01 14:49:43.713 CET INFO: 0 ms
 -- TriplePostProcessor.processAbstractClasses()
2010.02.01 14:49:43.713 CET INFO: Postprocess: Domain and range of properties...  -- TriplePostProcessor.processDomainAndRange()
2010.02.01 14:49:44.106 CET INFO: 392 ms
 -- TriplePostProcessor.processDomainAndRange()
2010.02.01 14:49:44.107 CET INFO: Postprocess: Possibly typed entities (0 resources) ...  -- TriplePostProcessor.processPossiblyTypedResources()
2010.02.01 14:49:44.107 CET INFO: 0 ms
 -- TriplePostProcessor.processPossiblyTypedResources()
2010.02.01 14:49:44.108 CET INFO: Updating underlying frames model in 0 ms -- ProtegeOWLParser.doFinalPostProcessing()
2010.02.01 14:55:57.945 CET CONFIG: Protege 3.4.1 Build 537, JVM 1.5.0_20-b02-315, memory=532M, Mac OS X, encoding=UTF-8, language=de, country=DE -- SystemUtilities.logSystemInfo()
2010.02.01 14:55:57.968 CET WARNING: Plugins directory not found: /Users/pawelmuller/Sites/studienarbeit.home/eclipse_workspace/GWTLexikonGUI/war/plugins -- PluginUtilities.findPluginsDirectory()
2010.02.01 14:55:59.097 CET WARNING: [Local Folder Repository] The specified file must be a directory. (/Users/pawelmuller/Sites/studienarbeit.home/eclipse_workspace/GWTLexikonGUI/war/plugins/edu.stanford.smi.protegex.owl) -- LocalFolderRepository.update()
2010.02.01 14:55:59.130 CET INFO: Loading triples from: null -- ProtegeOWLParser.loadTriples()
2010.02.01 14:56:00.845 CET INFO:     Loaded 10000 triples 1 -- ProtegeOWLParser$ProtegeOWLStatementHandler.printTriplesLoadLogMessage()
2010.02.01 14:56:02.294 CET INFO:     Loaded 20000 triples 1 -- ProtegeOWLParser$ProtegeOWLStatementHandler.printTriplesLoadLogMessage()
2010.02.01 14:56:04.095 CET INFO:     Loaded 30000 triples 1 -- ProtegeOWLParser$ProtegeOWLStatementHandler.printTriplesLoadLogMessage()
2010.02.01 14:56:04.567 CET INFO:     Completed triple loading after 5344 ms -- ProtegeOWLParser.loadTriples()
2010.02.01 14:56:04.570 CET INFO: Postprocess: Process entities with incorrect Java type (0 entities) ...  -- TriplePostProcessor.processFramesWithWrongJavaType()
2010.02.01 14:56:04.573 CET INFO: 0 ms
 -- TriplePostProcessor.processFramesWithWrongJavaType()
2010.02.01 14:56:04.574 CET INFO: Postprocess: Process metaclasses (3 metaclasses) ...  -- TriplePostProcessor.processMetaclasses()
2010.02.01 14:56:04.574 CET INFO: 0 ms
 -- TriplePostProcessor.processMetaclasses()
2010.02.01 14:56:04.575 CET INFO: Postprocess: Process subclasses of rdf:List (1 classes) ...  -- TriplePostProcessor.processSubclassesOfRdfList()
2010.02.01 14:56:04.576 CET INFO: 0 ms
 -- TriplePostProcessor.processSubclassesOfRdfList()
2010.02.01 14:56:04.576 CET INFO: Postprocess: Instances with multiple types (6654 instances) ...  -- TriplePostProcessor.processInstancesWithMultipleTypes()
2010.02.01 14:56:10.718 CET INFO: 6141 ms
 -- TriplePostProcessor.processInstancesWithMultipleTypes()
2010.02.01 14:56:10.719 CET INFO: Postprocess: Add inferred superclasses ...  -- TriplePostProcessor.processInferredSuperclasses()
2010.02.01 14:56:10.725 CET INFO: 5 ms
 -- TriplePostProcessor.processInferredSuperclasses()
2010.02.01 14:56:10.731 CET INFO: Postprocess: Process orphan classes (1294 classes) ...  -- TriplePostProcessor.processOrphanClses()
2010.02.01 14:56:31.168 CET INFO: 20437 ms
 -- TriplePostProcessor.processOrphanClses()
2010.02.01 14:56:31.169 CET INFO: Postprocess: Generalized Concept Inclusion (0 axioms) ...  -- TriplePostProcessor.processGeneralizedConceptInclusions()
2010.02.01 14:56:31.170 CET INFO: 0 ms
 -- TriplePostProcessor.processGeneralizedConceptInclusions()
2010.02.01 14:56:31.170 CET INFO: Postprocess: Abstract classes...  -- TriplePostProcessor.processAbstractClasses()
2010.02.01 14:56:31.171 CET INFO: 0 ms
 -- TriplePostProcessor.processAbstractClasses()
2010.02.01 14:56:31.172 CET INFO: Postprocess: Domain and range of properties...  -- TriplePostProcessor.processDomainAndRange()
2010.02.01 14:56:31.567 CET INFO: 395 ms
 -- TriplePostProcessor.processDomainAndRange()
2010.02.01 14:56:31.568 CET INFO: Postprocess: Possibly typed entities (0 resources) ...  -- TriplePostProcessor.processPossiblyTypedResources()
2010.02.01 14:56:31.569 CET INFO: 0 ms
 -- TriplePostProcessor.processPossiblyTypedResources()
2010.02.01 14:56:31.570 CET INFO: Updating underlying frames model in 1 ms -- ProtegeOWLParser.doFinalPostProcessing()
2010.02.01 16:41:49.538 CET CONFIG: Protege 3.4.1 Build 537, JVM 1.5.0_20-b02-315, memory=532M, Mac OS X, encoding=UTF-8, language=de, country=DE -- SystemUtilities.logSystemInfo()
2010.02.01 16:41:49.701 CET WARNING: Plugins directory not found: /Users/pawelmuller/Sites/studienarbeit.home/eclipse_workspace/GWTLexikonGUI/war/plugins -- PluginUtilities.findPluginsDirectory()
2010.02.01 16:42:43.750 CET WARNING: [Local Folder Repository] The specified file must be a directory. (/Users/pawelmuller/Sites/studienarbeit.home/eclipse_workspace/GWTLexikonGUI/war/plugins/edu.stanford.smi.protegex.owl) -- LocalFolderRepository.update()
2010.02.01 16:42:44.177 CET INFO: Loading triples from: null -- ProtegeOWLParser.loadTriples()
2010.02.01 16:42:46.949 CET INFO:     Loaded 10000 triples 1 -- ProtegeOWLParser$ProtegeOWLStatementHandler.printTriplesLoadLogMessage()
2010.02.01 16:42:48.357 CET INFO:     Loaded 20000 triples 1 -- ProtegeOWLParser$ProtegeOWLStatementHandler.printTriplesLoadLogMessage()
2010.02.01 16:42:50.191 CET INFO:     Loaded 30000 triples 1 -- ProtegeOWLParser$ProtegeOWLStatementHandler.printTriplesLoadLogMessage()
2010.02.01 16:42:50.683 CET INFO:     Completed triple loading after 6268 ms -- ProtegeOWLParser.loadTriples()
2010.02.01 16:42:50.687 CET INFO: Postprocess: Process entities with incorrect Java type (0 entities) ...  -- TriplePostProcessor.processFramesWithWrongJavaType()
2010.02.01 16:42:50.687 CET INFO: 0 ms
 -- TriplePostProcessor.processFramesWithWrongJavaType()
2010.02.01 16:42:50.689 CET INFO: Postprocess: Process metaclasses (3 metaclasses) ...  -- TriplePostProcessor.processMetaclasses()
2010.02.01 16:42:50.690 CET INFO: 0 ms
 -- TriplePostProcessor.processMetaclasses()
2010.02.01 16:42:50.691 CET INFO: Postprocess: Process subclasses of rdf:List (1 classes) ...  -- TriplePostProcessor.processSubclassesOfRdfList()
2010.02.01 16:42:50.692 CET INFO: 0 ms
 -- TriplePostProcessor.processSubclassesOfRdfList()
2010.02.01 16:42:50.692 CET INFO: Postprocess: Instances with multiple types (6654 instances) ...  -- TriplePostProcessor.processInstancesWithMultipleTypes()
2010.02.01 16:42:56.729 CET INFO: 6035 ms
 -- TriplePostProcessor.processInstancesWithMultipleTypes()
2010.02.01 16:42:56.730 CET INFO: Postprocess: Add inferred superclasses ...  -- TriplePostProcessor.processInferredSuperclasses()
2010.02.01 16:42:56.780 CET INFO: 49 ms
 -- TriplePostProcessor.processInferredSuperclasses()
2010.02.01 16:42:56.786 CET INFO: Postprocess: Process orphan classes (1294 classes) ...  -- TriplePostProcessor.processOrphanClses()
2010.02.01 16:43:17.336 CET INFO: 20549 ms
 -- TriplePostProcessor.processOrphanClses()
2010.02.01 16:43:17.337 CET INFO: Postprocess: Generalized Concept Inclusion (0 axioms) ...  -- TriplePostProcessor.processGeneralizedConceptInclusions()
2010.02.01 16:43:17.338 CET INFO: 0 ms
 -- TriplePostProcessor.processGeneralizedConceptInclusions()
2010.02.01 16:43:17.339 CET INFO: Postprocess: Abstract classes...  -- TriplePostProcessor.processAbstractClasses()
2010.02.01 16:43:17.339 CET INFO: 0 ms
 -- TriplePostProcessor.processAbstractClasses()
2010.02.01 16:43:17.340 CET INFO: Postprocess: Domain and range of properties...  -- TriplePostProcessor.processDomainAndRange()
2010.02.01 16:43:17.805 CET INFO: 463 ms
 -- TriplePostProcessor.processDomainAndRange()
2010.02.01 16:43:17.806 CET INFO: Postprocess: Possibly typed entities (0 resources) ...  -- TriplePostProcessor.processPossiblyTypedResources()
2010.02.01 16:43:17.806 CET INFO: 0 ms
 -- TriplePostProcessor.processPossiblyTypedResources()
2010.02.01 16:43:17.808 CET INFO: Updating underlying frames model in 0 ms -- ProtegeOWLParser.doFinalPostProcessing()
2010.02.01 16:52:12.183 CET CONFIG: Protege 3.4.1 Build 537, JVM 1.5.0_20-b02-315, memory=532M, Mac OS X, encoding=UTF-8, language=de, country=DE -- SystemUtilities.logSystemInfo()
2010.02.01 16:52:12.230 CET WARNING: Plugins directory not found: /Users/pawelmuller/Sites/studienarbeit.home/eclipse_workspace/GWTLexikonGUI/war/plugins -- PluginUtilities.findPluginsDirectory()
2010.02.01 16:52:12.840 CET WARNING: [Local Folder Repository] The specified file must be a directory. (/Users/pawelmuller/Sites/studienarbeit.home/eclipse_workspace/GWTLexikonGUI/war/plugins/edu.stanford.smi.protegex.owl) -- LocalFolderRepository.update()
2010.02.01 16:52:12.867 CET INFO: Loading triples from: null -- ProtegeOWLParser.loadTriples()
2010.02.01 16:52:14.828 CET INFO:     Loaded 10000 triples 1 -- ProtegeOWLParser$ProtegeOWLStatementHandler.printTriplesLoadLogMessage()
2010.02.01 16:52:16.103 CET INFO:     Loaded 20000 triples 1 -- ProtegeOWLParser$ProtegeOWLStatementHandler.printTriplesLoadLogMessage()
2010.02.01 16:52:17.725 CET INFO:     Loaded 30000 triples 1 -- ProtegeOWLParser$ProtegeOWLStatementHandler.printTriplesLoadLogMessage()
2010.02.01 16:52:18.145 CET INFO:     Completed triple loading after 5208 ms -- ProtegeOWLParser.loadTriples()
2010.02.01 16:52:18.148 CET INFO: Postprocess: Process entities with incorrect Java type (0 entities) ...  -- TriplePostProcessor.processFramesWithWrongJavaType()
2010.02.01 16:52:18.149 CET INFO: 0 ms
 -- TriplePostProcessor.processFramesWithWrongJavaType()
2010.02.01 16:52:18.150 CET INFO: Postprocess: Process metaclasses (3 metaclasses) ...  -- TriplePostProcessor.processMetaclasses()
2010.02.01 16:52:18.151 CET INFO: 1 ms
 -- TriplePostProcessor.processMetaclasses()
2010.02.01 16:52:18.152 CET INFO: Postprocess: Process subclasses of rdf:List (1 classes) ...  -- TriplePostProcessor.processSubclassesOfRdfList()
2010.02.01 16:52:18.152 CET INFO: 0 ms
 -- TriplePostProcessor.processSubclassesOfRdfList()
2010.02.01 16:52:18.153 CET INFO: Postprocess: Instances with multiple types (6654 instances) ...  -- TriplePostProcessor.processInstancesWithMultipleTypes()
2010.02.01 16:52:23.894 CET INFO: 5740 ms
 -- TriplePostProcessor.processInstancesWithMultipleTypes()
2010.02.01 16:52:23.896 CET INFO: Postprocess: Add inferred superclasses ...  -- TriplePostProcessor.processInferredSuperclasses()
2010.02.01 16:52:23.902 CET INFO: 6 ms
 -- TriplePostProcessor.processInferredSuperclasses()
2010.02.01 16:52:23.909 CET INFO: Postprocess: Process orphan classes (1294 classes) ...  -- TriplePostProcessor.processOrphanClses()
2010.02.01 16:52:43.625 CET INFO: 19716 ms
 -- TriplePostProcessor.processOrphanClses()
2010.02.01 16:52:43.626 CET INFO: Postprocess: Generalized Concept Inclusion (0 axioms) ...  -- TriplePostProcessor.processGeneralizedConceptInclusions()
2010.02.01 16:52:43.628 CET INFO: 0 ms
 -- TriplePostProcessor.processGeneralizedConceptInclusions()
2010.02.01 16:52:43.630 CET INFO: Postprocess: Abstract classes...  -- TriplePostProcessor.processAbstractClasses()
2010.02.01 16:52:43.630 CET INFO: 0 ms
 -- TriplePostProcessor.processAbstractClasses()
2010.02.01 16:52:43.631 CET INFO: Postprocess: Domain and range of properties...  -- TriplePostProcessor.processDomainAndRange()
2010.02.01 16:52:44.032 CET INFO: 400 ms
 -- TriplePostProcessor.processDomainAndRange()
2010.02.01 16:52:44.034 CET INFO: Postprocess: Possibly typed entities (0 resources) ...  -- TriplePostProcessor.processPossiblyTypedResources()
2010.02.01 16:52:44.035 CET INFO: 0 ms
 -- TriplePostProcessor.processPossiblyTypedResources()
2010.02.01 16:52:44.036 CET INFO: Updating underlying frames model in 0 ms -- ProtegeOWLParser.doFinalPostProcessing()
2010.02.01 17:11:30.051 CET INFO: *** SYSTEM START ***
2010.02.01 17:11:30.871 CET WARNING: [Local Folder Repository] The specified file must be a directory. (/Users/pawelmuller/Sites/studienarbeit.home/eclipse_workspace/GWTLexikonGUI/war/plugins/edu.stanford.smi.protegex.owl) -- LocalFolderRepository.update()
2010.02.01 17:11:30.898 CET INFO: Loading triples from: null -- ProtegeOWLParser.loadTriples()
2010.02.01 17:11:33.033 CET INFO:     Loaded 10000 triples 1 -- ProtegeOWLParser$ProtegeOWLStatementHandler.printTriplesLoadLogMessage()
2010.02.01 17:11:34.448 CET INFO:     Loaded 20000 triples 1 -- ProtegeOWLParser$ProtegeOWLStatementHandler.printTriplesLoadLogMessage()
2010.02.01 17:11:36.265 CET INFO:     Loaded 30000 triples 1 -- ProtegeOWLParser$ProtegeOWLStatementHandler.printTriplesLoadLogMessage()
2010.02.01 17:11:36.713 CET INFO:     Completed triple loading after 5438 ms -- ProtegeOWLParser.loadTriples()
2010.02.01 17:11:36.716 CET INFO: Postprocess: Process entities with incorrect Java type (0 entities) ...  -- TriplePostProcessor.processFramesWithWrongJavaType()
2010.02.01 17:11:36.717 CET INFO: 0 ms
 -- TriplePostProcessor.processFramesWithWrongJavaType()
2010.02.01 17:11:36.718 CET INFO: Postprocess: Process metaclasses (3 metaclasses) ...  -- TriplePostProcessor.processMetaclasses()
2010.02.01 17:11:36.718 CET INFO: 0 ms
 -- TriplePostProcessor.processMetaclasses()
2010.02.01 17:11:36.718 CET INFO: Postprocess: Process subclasses of rdf:List (1 classes) ...  -- TriplePostProcessor.processSubclassesOfRdfList()
2010.02.01 17:11:36.718 CET INFO: 0 ms
 -- TriplePostProcessor.processSubclassesOfRdfList()
2010.02.01 17:11:36.719 CET INFO: Postprocess: Instances with multiple types (6654 instances) ...  -- TriplePostProcessor.processInstancesWithMultipleTypes()
2010.02.01 17:11:43.788 CET INFO: 7069 ms
 -- TriplePostProcessor.processInstancesWithMultipleTypes()
2010.02.01 17:11:43.791 CET INFO: Postprocess: Add inferred superclasses ...  -- TriplePostProcessor.processInferredSuperclasses()
2010.02.01 17:11:43.799 CET INFO: 8 ms
 -- TriplePostProcessor.processInferredSuperclasses()
2010.02.01 17:11:43.804 CET INFO: Postprocess: Process orphan classes (1294 classes) ...  -- TriplePostProcessor.processOrphanClses()
2010.02.01 17:12:07.852 CET INFO: 24048 ms
 -- TriplePostProcessor.processOrphanClses()
2010.02.01 17:12:07.876 CET INFO: Postprocess: Generalized Concept Inclusion (0 axioms) ...  -- TriplePostProcessor.processGeneralizedConceptInclusions()
2010.02.01 17:12:07.877 CET INFO: 0 ms
 -- TriplePostProcessor.processGeneralizedConceptInclusions()
2010.02.01 17:12:07.878 CET INFO: Postprocess: Abstract classes...  -- TriplePostProcessor.processAbstractClasses()
2010.02.01 17:12:07.878 CET INFO: 0 ms
 -- TriplePostProcessor.processAbstractClasses()
2010.02.01 17:12:07.878 CET INFO: Postprocess: Domain and range of properties...  -- TriplePostProcessor.processDomainAndRange()
2010.02.01 17:12:08.292 CET INFO: 413 ms
 -- TriplePostProcessor.processDomainAndRange()
2010.02.01 17:12:08.293 CET INFO: Postprocess: Possibly typed entities (0 resources) ...  -- TriplePostProcessor.processPossiblyTypedResources()
2010.02.01 17:12:08.293 CET INFO: 0 ms
 -- TriplePostProcessor.processPossiblyTypedResources()
2010.02.01 17:12:08.294 CET INFO: Updating underlying frames model in 0 ms -- ProtegeOWLParser.doFinalPostProcessing()
2010.02.01 18:23:33.254 CET INFO: *** SYSTEM START ***
2010.02.01 18:23:34.257 CET WARNING: [Local Folder Repository] The specified file must be a directory. (/Users/pawelmuller/Sites/studienarbeit.home/eclipse_workspace/GWTLexikonGUI/war/plugins/edu.stanford.smi.protegex.owl) -- LocalFolderRepository.update()
2010.02.01 18:23:34.317 CET INFO: Loading triples from: null -- ProtegeOWLParser.loadTriples()
2010.02.01 18:23:37.001 CET INFO:     Loaded 10000 triples 1 -- ProtegeOWLParser$ProtegeOWLStatementHandler.printTriplesLoadLogMessage()
2010.02.01 18:23:38.402 CET INFO:     Loaded 20000 triples 1 -- ProtegeOWLParser$ProtegeOWLStatementHandler.printTriplesLoadLogMessage()
2010.02.01 18:23:40.130 CET INFO:     Loaded 30000 triples 1 -- ProtegeOWLParser$ProtegeOWLStatementHandler.printTriplesLoadLogMessage()
2010.02.01 18:23:40.592 CET INFO:     Completed triple loading after 6145 ms -- ProtegeOWLParser.loadTriples()
2010.02.01 18:23:40.596 CET INFO: Postprocess: Process entities with incorrect Java type (0 entities) ...  -- TriplePostProcessor.processFramesWithWrongJavaType()
2010.02.01 18:23:40.597 CET INFO: 0 ms
 -- TriplePostProcessor.processFramesWithWrongJavaType()
2010.02.01 18:23:40.598 CET INFO: Postprocess: Process metaclasses (3 metaclasses) ...  -- TriplePostProcessor.processMetaclasses()
2010.02.01 18:23:40.599 CET INFO: 1 ms
 -- TriplePostProcessor.processMetaclasses()
2010.02.01 18:23:40.600 CET INFO: Postprocess: Process subclasses of rdf:List (1 classes) ...  -- TriplePostProcessor.processSubclassesOfRdfList()
2010.02.01 18:23:40.601 CET INFO: 1 ms
 -- TriplePostProcessor.processSubclassesOfRdfList()
2010.02.01 18:23:40.602 CET INFO: Postprocess: Instances with multiple types (6654 instances) ...  -- TriplePostProcessor.processInstancesWithMultipleTypes()
2010.02.01 18:23:46.587 CET INFO: 5985 ms
 -- TriplePostProcessor.processInstancesWithMultipleTypes()
2010.02.01 18:23:46.588 CET INFO: Postprocess: Add inferred superclasses ...  -- TriplePostProcessor.processInferredSuperclasses()
2010.02.01 18:23:46.630 CET INFO: 42 ms
 -- TriplePostProcessor.processInferredSuperclasses()
2010.02.01 18:23:46.642 CET INFO: Postprocess: Process orphan classes (1294 classes) ...  -- TriplePostProcessor.processOrphanClses()
2010.02.01 18:24:07.201 CET INFO: 20558 ms
 -- TriplePostProcessor.processOrphanClses()
2010.02.01 18:24:07.201 CET INFO: Postprocess: Generalized Concept Inclusion (0 axioms) ...  -- TriplePostProcessor.processGeneralizedConceptInclusions()
2010.02.01 18:24:07.202 CET INFO: 0 ms
 -- TriplePostProcessor.processGeneralizedConceptInclusions()
2010.02.01 18:24:07.202 CET INFO: Postprocess: Abstract classes...  -- TriplePostProcessor.processAbstractClasses()
2010.02.01 18:24:07.203 CET INFO: 0 ms
 -- TriplePostProcessor.processAbstractClasses()
2010.02.01 18:24:07.203 CET INFO: Postprocess: Domain and range of properties...  -- TriplePostProcessor.processDomainAndRange()
2010.02.01 18:24:07.614 CET INFO: 411 ms
 -- TriplePostProcessor.processDomainAndRange()
2010.02.01 18:24:07.615 CET INFO: Postprocess: Possibly typed entities (0 resources) ...  -- TriplePostProcessor.processPossiblyTypedResources()
2010.02.01 18:24:07.615 CET INFO: 0 ms
 -- TriplePostProcessor.processPossiblyTypedResources()
2010.02.01 18:24:07.616 CET INFO: Updating underlying frames model in 0 ms -- ProtegeOWLParser.doFinalPostProcessing()
2010.02.03 16:44:42.376 CET INFO: *** SYSTEM START ***
2010.02.03 16:44:43.461 CET WARNING: [Local Folder Repository] The specified file must be a directory. (/Users/pawelmuller/Sites/studienarbeit.home/eclipse_workspace/GWTLexikonGUI/war/plugins/edu.stanford.smi.protegex.owl) -- LocalFolderRepository.update()
2010.02.03 16:44:43.535 CET INFO: Loading triples from: null -- ProtegeOWLParser.loadTriples()
2010.02.03 16:44:46.397 CET INFO:     Loaded 10000 triples 1 -- ProtegeOWLParser$ProtegeOWLStatementHandler.printTriplesLoadLogMessage()
2010.02.03 16:44:47.898 CET INFO:     Loaded 20000 triples 1 -- ProtegeOWLParser$ProtegeOWLStatementHandler.printTriplesLoadLogMessage()
2010.02.03 16:44:49.841 CET INFO:     Loaded 30000 triples 1 -- ProtegeOWLParser$ProtegeOWLStatementHandler.printTriplesLoadLogMessage()
2010.02.03 16:44:50.307 CET INFO:     Completed triple loading after 6625 ms -- ProtegeOWLParser.loadTriples()
2010.02.03 16:44:50.312 CET INFO: Postprocess: Process entities with incorrect Java type (0 entities) ...  -- TriplePostProcessor.processFramesWithWrongJavaType()
2010.02.03 16:44:50.312 CET INFO: 0 ms
 -- TriplePostProcessor.processFramesWithWrongJavaType()
2010.02.03 16:44:50.316 CET INFO: Postprocess: Process metaclasses (3 metaclasses) ...  -- TriplePostProcessor.processMetaclasses()
2010.02.03 16:44:50.317 CET INFO: 1 ms
 -- TriplePostProcessor.processMetaclasses()
2010.02.03 16:44:50.318 CET INFO: Postprocess: Process subclasses of rdf:List (1 classes) ...  -- TriplePostProcessor.processSubclassesOfRdfList()
2010.02.03 16:44:50.319 CET INFO: 1 ms
 -- TriplePostProcessor.processSubclassesOfRdfList()
2010.02.03 16:44:50.320 CET INFO: Postprocess: Instances with multiple types (6654 instances) ...  -- TriplePostProcessor.processInstancesWithMultipleTypes()
2010.02.03 16:44:56.848 CET INFO: 6493 ms
 -- TriplePostProcessor.processInstancesWithMultipleTypes()
2010.02.03 16:44:56.849 CET INFO: Postprocess: Add inferred superclasses ...  -- TriplePostProcessor.processInferredSuperclasses()
2010.02.03 16:44:56.886 CET INFO: 37 ms
 -- TriplePostProcessor.processInferredSuperclasses()
2010.02.03 16:44:56.898 CET INFO: Postprocess: Process orphan classes (1294 classes) ...  -- TriplePostProcessor.processOrphanClses()
2010.02.03 16:45:18.851 CET INFO: 21952 ms
 -- TriplePostProcessor.processOrphanClses()
2010.02.03 16:45:18.851 CET INFO: Postprocess: Generalized Concept Inclusion (0 axioms) ...  -- TriplePostProcessor.processGeneralizedConceptInclusions()
2010.02.03 16:45:18.852 CET INFO: 0 ms
 -- TriplePostProcessor.processGeneralizedConceptInclusions()
2010.02.03 16:45:18.852 CET INFO: Postprocess: Abstract classes...  -- TriplePostProcessor.processAbstractClasses()
2010.02.03 16:45:18.853 CET INFO: 1 ms
 -- TriplePostProcessor.processAbstractClasses()
2010.02.03 16:45:18.853 CET INFO: Postprocess: Domain and range of properties...  -- TriplePostProcessor.processDomainAndRange()
2010.02.03 16:45:19.317 CET INFO: 463 ms
 -- TriplePostProcessor.processDomainAndRange()
2010.02.03 16:45:19.318 CET INFO: Postprocess: Possibly typed entities (0 resources) ...  -- TriplePostProcessor.processPossiblyTypedResources()
2010.02.03 16:45:19.318 CET INFO: 0 ms
 -- TriplePostProcessor.processPossiblyTypedResources()
2010.02.03 16:45:19.319 CET INFO: Updating underlying frames model in 1 ms -- ProtegeOWLParser.doFinalPostProcessing()
2010.02.03 17:14:32.924 CET CONFIG: Protege 3.4.1 Build 537, JVM 1.5.0_20-b02-315, memory=532M, Mac OS X, encoding=UTF-8, language=de, country=DE -- SystemUtilities.logSystemInfo()
2010.02.03 17:14:32.950 CET WARNING: Plugins directory not found: /Users/pawelmuller/Sites/studienarbeit.home/eclipse_workspace/GWTLexikonGUI/war/plugins -- PluginUtilities.findPluginsDirectory()
2010.02.03 17:14:34.314 CET WARNING: [Local Folder Repository] The specified file must be a directory. (/Users/pawelmuller/Sites/studienarbeit.home/eclipse_workspace/GWTLexikonGUI/war/plugins/edu.stanford.smi.protegex.owl) -- LocalFolderRepository.update()
2010.02.03 17:14:34.384 CET INFO: Loading triples from: null -- ProtegeOWLParser.loadTriples()
2010.02.03 17:14:37.184 CET INFO:     Loaded 10000 triples 1 -- ProtegeOWLParser$ProtegeOWLStatementHandler.printTriplesLoadLogMessage()
2010.02.03 17:14:38.577 CET INFO:     Loaded 20000 triples 1 -- ProtegeOWLParser$ProtegeOWLStatementHandler.printTriplesLoadLogMessage()
2010.02.03 17:14:40.312 CET INFO:     Loaded 30000 triples 1 -- ProtegeOWLParser$ProtegeOWLStatementHandler.printTriplesLoadLogMessage()
2010.02.03 17:14:40.772 CET INFO:     Completed triple loading after 6192 ms -- ProtegeOWLParser.loadTriples()
2010.02.03 17:14:40.777 CET INFO: Postprocess: Process entities with incorrect Java type (0 entities) ...  -- TriplePostProcessor.processFramesWithWrongJavaType()
2010.02.03 17:14:40.778 CET INFO: 0 ms
 -- TriplePostProcessor.processFramesWithWrongJavaType()
2010.02.03 17:14:40.779 CET INFO: Postprocess: Process metaclasses (3 metaclasses) ...  -- TriplePostProcessor.processMetaclasses()
2010.02.03 17:14:40.780 CET INFO: 1 ms
 -- TriplePostProcessor.processMetaclasses()
2010.02.03 17:14:40.781 CET INFO: Postprocess: Process subclasses of rdf:List (1 classes) ...  -- TriplePostProcessor.processSubclassesOfRdfList()
2010.02.03 17:14:40.782 CET INFO: 1 ms
 -- TriplePostProcessor.processSubclassesOfRdfList()
2010.02.03 17:14:40.783 CET INFO: Postprocess: Instances with multiple types (6654 instances) ...  -- TriplePostProcessor.processInstancesWithMultipleTypes()
2010.02.03 17:14:46.811 CET INFO: 6027 ms
 -- TriplePostProcessor.processInstancesWithMultipleTypes()
2010.02.03 17:14:46.812 CET INFO: Postprocess: Add inferred superclasses ...  -- TriplePostProcessor.processInferredSuperclasses()
2010.02.03 17:14:46.868 CET INFO: 56 ms
 -- TriplePostProcessor.processInferredSuperclasses()
2010.02.03 17:14:46.881 CET INFO: Postprocess: Process orphan classes (1294 classes) ...  -- TriplePostProcessor.processOrphanClses()
2010.02.03 17:15:08.207 CET INFO: 21326 ms
 -- TriplePostProcessor.processOrphanClses()
2010.02.03 17:15:08.208 CET INFO: Postprocess: Generalized Concept Inclusion (0 axioms) ...  -- TriplePostProcessor.processGeneralizedConceptInclusions()
2010.02.03 17:15:08.208 CET INFO: 0 ms
 -- TriplePostProcessor.processGeneralizedConceptInclusions()
2010.02.03 17:15:08.209 CET INFO: Postprocess: Abstract classes...  -- TriplePostProcessor.processAbstractClasses()
2010.02.03 17:15:08.210 CET INFO: 0 ms
 -- TriplePostProcessor.processAbstractClasses()
2010.02.03 17:15:08.210 CET INFO: Postprocess: Domain and range of properties...  -- TriplePostProcessor.processDomainAndRange()
2010.02.03 17:15:08.634 CET INFO: 422 ms
 -- TriplePostProcessor.processDomainAndRange()
2010.02.03 17:15:08.635 CET INFO: Postprocess: Possibly typed entities (0 resources) ...  -- TriplePostProcessor.processPossiblyTypedResources()
2010.02.03 17:15:08.635 CET INFO: 0 ms
 -- TriplePostProcessor.processPossiblyTypedResources()
2010.02.03 17:15:08.637 CET INFO: Updating underlying frames model in 0 ms -- ProtegeOWLParser.doFinalPostProcessing()
2010.02.04 11:21:59.522 CET INFO: *** SYSTEM START ***
2010.02.04 11:22:00.546 CET WARNING: [Local Folder Repository] The specified file must be a directory. (/Users/pawelmuller/Sites/studienarbeit.home/eclipse_workspace/GWTLexikonGUI/war/plugins/edu.stanford.smi.protegex.owl) -- LocalFolderRepository.update()
2010.02.04 11:22:00.620 CET INFO: Loading triples from: null -- ProtegeOWLParser.loadTriples()
2010.02.04 11:22:03.703 CET INFO:     Loaded 10000 triples 1 -- ProtegeOWLParser$ProtegeOWLStatementHandler.printTriplesLoadLogMessage()
2010.02.04 11:22:05.929 CET INFO:     Loaded 20000 triples 1 -- ProtegeOWLParser$ProtegeOWLStatementHandler.printTriplesLoadLogMessage()
2010.02.04 11:22:08.892 CET INFO:     Loaded 30000 triples 1 -- ProtegeOWLParser$ProtegeOWLStatementHandler.printTriplesLoadLogMessage()
2010.02.04 11:22:10.453 CET INFO:     Completed triple loading after 9686 ms -- ProtegeOWLParser.loadTriples()
2010.02.04 11:22:10.458 CET INFO: Postprocess: Process entities with incorrect Java type (0 entities) ...  -- TriplePostProcessor.processFramesWithWrongJavaType()
2010.02.04 11:22:10.459 CET INFO: 0 ms
 -- TriplePostProcessor.processFramesWithWrongJavaType()
2010.02.04 11:22:10.460 CET INFO: Postprocess: Process metaclasses (3 metaclasses) ...  -- TriplePostProcessor.processMetaclasses()
2010.02.04 11:22:10.464 CET INFO: 1 ms
 -- TriplePostProcessor.processMetaclasses()
2010.02.04 11:22:10.465 CET INFO: Postprocess: Process subclasses of rdf:List (1 classes) ...  -- TriplePostProcessor.processSubclassesOfRdfList()
2010.02.04 11:22:10.466 CET INFO: 0 ms
 -- TriplePostProcessor.processSubclassesOfRdfList()
2010.02.04 11:22:10.466 CET INFO: Postprocess: Instances with multiple types (6654 instances) ...  -- TriplePostProcessor.processInstancesWithMultipleTypes()
2010.02.04 11:22:17.431 CET INFO: 6765 ms
 -- TriplePostProcessor.processInstancesWithMultipleTypes()
2010.02.04 11:22:17.518 CET INFO: Postprocess: Add inferred superclasses ...  -- TriplePostProcessor.processInferredSuperclasses()
2010.02.04 11:22:17.554 CET INFO: 36 ms
 -- TriplePostProcessor.processInferredSuperclasses()
2010.02.04 11:22:17.566 CET INFO: Postprocess: Process orphan classes (1294 classes) ...  -- TriplePostProcessor.processOrphanClses()
2010.02.04 11:22:40.090 CET INFO: 22473 ms
 -- TriplePostProcessor.processOrphanClses()
2010.02.04 11:22:40.115 CET INFO: Postprocess: Generalized Concept Inclusion (0 axioms) ...  -- TriplePostProcessor.processGeneralizedConceptInclusions()
2010.02.04 11:22:40.115 CET INFO: 0 ms
 -- TriplePostProcessor.processGeneralizedConceptInclusions()
2010.02.04 11:22:40.116 CET INFO: Postprocess: Abstract classes...  -- TriplePostProcessor.processAbstractClasses()
2010.02.04 11:22:40.117 CET INFO: 0 ms
 -- TriplePostProcessor.processAbstractClasses()
2010.02.04 11:22:40.117 CET INFO: Postprocess: Domain and range of properties...  -- TriplePostProcessor.processDomainAndRange()
2010.02.04 11:22:40.560 CET INFO: 442 ms
 -- TriplePostProcessor.processDomainAndRange()
2010.02.04 11:22:40.560 CET INFO: Postprocess: Possibly typed entities (0 resources) ...  -- TriplePostProcessor.processPossiblyTypedResources()
2010.02.04 11:22:40.561 CET INFO: 0 ms
 -- TriplePostProcessor.processPossiblyTypedResources()
2010.02.04 11:22:40.562 CET INFO: Updating underlying frames model in 0 ms -- ProtegeOWLParser.doFinalPostProcessing()
2010.02.04 13:28:08.569 CET CONFIG: Protege 3.4.1 Build 537, JVM 1.5.0_20-b02-315, memory=532M, Mac OS X, encoding=UTF-8, language=de, country=DE -- SystemUtilities.logSystemInfo()
2010.02.04 13:28:08.603 CET WARNING: Plugins directory not found: /Users/pawelmuller/Sites/studienarbeit.home/eclipse_workspace/GWTLexikonGUI/war/plugins -- PluginUtilities.findPluginsDirectory()
2010.02.04 13:28:16.659 CET WARNING: [Local Folder Repository] The specified file must be a directory. (/Users/pawelmuller/Sites/studienarbeit.home/eclipse_workspace/GWTLexikonGUI/war/plugins/edu.stanford.smi.protegex.owl) -- LocalFolderRepository.update()
2010.02.04 13:28:16.782 CET INFO: Loading triples from: null -- ProtegeOWLParser.loadTriples()
2010.02.04 13:28:19.473 CET INFO:     Loaded 10000 triples 1 -- ProtegeOWLParser$ProtegeOWLStatementHandler.printTriplesLoadLogMessage()
2010.02.04 13:28:20.804 CET INFO:     Loaded 20000 triples 1 -- ProtegeOWLParser$ProtegeOWLStatementHandler.printTriplesLoadLogMessage()
2010.02.04 13:28:22.426 CET INFO:     Loaded 30000 triples 1 -- ProtegeOWLParser$ProtegeOWLStatementHandler.printTriplesLoadLogMessage()
2010.02.04 13:28:22.867 CET INFO:     Completed triple loading after 5924 ms -- ProtegeOWLParser.loadTriples()
2010.02.04 13:28:22.872 CET INFO: Postprocess: Process entities with incorrect Java type (0 entities) ...  -- TriplePostProcessor.processFramesWithWrongJavaType()
2010.02.04 13:28:22.873 CET INFO: 0 ms
 -- TriplePostProcessor.processFramesWithWrongJavaType()
2010.02.04 13:28:22.878 CET INFO: Postprocess: Process metaclasses (3 metaclasses) ...  -- TriplePostProcessor.processMetaclasses()
2010.02.04 13:28:22.879 CET INFO: 0 ms
 -- TriplePostProcessor.processMetaclasses()
2010.02.04 13:28:22.880 CET INFO: Postprocess: Process subclasses of rdf:List (1 classes) ...  -- TriplePostProcessor.processSubclassesOfRdfList()
2010.02.04 13:28:22.881 CET INFO: 0 ms
 -- TriplePostProcessor.processSubclassesOfRdfList()
2010.02.04 13:28:22.881 CET INFO: Postprocess: Instances with multiple types (6654 instances) ...  -- TriplePostProcessor.processInstancesWithMultipleTypes()
2010.02.04 13:28:28.656 CET INFO: 5774 ms
 -- TriplePostProcessor.processInstancesWithMultipleTypes()
2010.02.04 13:28:28.658 CET INFO: Postprocess: Add inferred superclasses ...  -- TriplePostProcessor.processInferredSuperclasses()
2010.02.04 13:28:28.709 CET INFO: 51 ms
 -- TriplePostProcessor.processInferredSuperclasses()
2010.02.04 13:28:28.722 CET INFO: Postprocess: Process orphan classes (1294 classes) ...  -- TriplePostProcessor.processOrphanClses()
2010.02.04 13:28:49.055 CET INFO: 20332 ms
 -- TriplePostProcessor.processOrphanClses()
2010.02.04 13:28:49.060 CET INFO: Postprocess: Generalized Concept Inclusion (0 axioms) ...  -- TriplePostProcessor.processGeneralizedConceptInclusions()
2010.02.04 13:28:49.060 CET INFO: 0 ms
 -- TriplePostProcessor.processGeneralizedConceptInclusions()
2010.02.04 13:28:49.062 CET INFO: Postprocess: Abstract classes...  -- TriplePostProcessor.processAbstractClasses()
2010.02.04 13:28:49.062 CET INFO: 0 ms
 -- TriplePostProcessor.processAbstractClasses()
2010.02.04 13:28:49.063 CET INFO: Postprocess: Domain and range of properties...  -- TriplePostProcessor.processDomainAndRange()
2010.02.04 13:28:49.493 CET INFO: 430 ms
 -- TriplePostProcessor.processDomainAndRange()
2010.02.04 13:28:49.494 CET INFO: Postprocess: Possibly typed entities (0 resources) ...  -- TriplePostProcessor.processPossiblyTypedResources()
2010.02.04 13:28:49.495 CET INFO: 0 ms
 -- TriplePostProcessor.processPossiblyTypedResources()
2010.02.04 13:28:49.496 CET INFO: Updating underlying frames model in 0 ms -- ProtegeOWLParser.doFinalPostProcessing()
2010.02.07 03:02:26.306 CET INFO: *** SYSTEM START ***
2010.02.07 03:02:27.245 CET WARNING: [Local Folder Repository] The specified file must be a directory. (/Users/pawelmuller/Sites/studienarbeit.home/eclipse_workspace/GWTLexikonGUI/war/plugins/edu.stanford.smi.protegex.owl) -- LocalFolderRepository.update()
2010.02.07 03:02:27.316 CET INFO: Loading triples from: null -- ProtegeOWLParser.loadTriples()
2010.02.07 03:02:29.897 CET INFO:     Loaded 10000 triples 1 -- ProtegeOWLParser$ProtegeOWLStatementHandler.printTriplesLoadLogMessage()
2010.02.07 03:02:31.272 CET INFO:     Loaded 20000 triples 1 -- ProtegeOWLParser$ProtegeOWLStatementHandler.printTriplesLoadLogMessage()
2010.02.07 03:02:32.992 CET INFO:     Loaded 30000 triples 1 -- ProtegeOWLParser$ProtegeOWLStatementHandler.printTriplesLoadLogMessage()
2010.02.07 03:02:33.442 CET INFO:     Completed triple loading after 5972 ms -- ProtegeOWLParser.loadTriples()
2010.02.07 03:02:33.447 CET INFO: Postprocess: Process entities with incorrect Java type (0 entities) ...  -- TriplePostProcessor.processFramesWithWrongJavaType()
2010.02.07 03:02:33.447 CET INFO: 0 ms
 -- TriplePostProcessor.processFramesWithWrongJavaType()
2010.02.07 03:02:33.448 CET INFO: Postprocess: Process metaclasses (3 metaclasses) ...  -- TriplePostProcessor.processMetaclasses()
2010.02.07 03:02:33.449 CET INFO: 1 ms
 -- TriplePostProcessor.processMetaclasses()
2010.02.07 03:02:33.450 CET INFO: Postprocess: Process subclasses of rdf:List (1 classes) ...  -- TriplePostProcessor.processSubclassesOfRdfList()
2010.02.07 03:02:33.451 CET INFO: 0 ms
 -- TriplePostProcessor.processSubclassesOfRdfList()
2010.02.07 03:02:33.452 CET INFO: Postprocess: Instances with multiple types (6654 instances) ...  -- TriplePostProcessor.processInstancesWithMultipleTypes()
2010.02.07 03:02:39.617 CET INFO: 6165 ms
 -- TriplePostProcessor.processInstancesWithMultipleTypes()
2010.02.07 03:02:39.621 CET INFO: Postprocess: Add inferred superclasses ...  -- TriplePostProcessor.processInferredSuperclasses()
2010.02.07 03:02:39.650 CET INFO: 27 ms
 -- TriplePostProcessor.processInferredSuperclasses()
2010.02.07 03:02:39.661 CET INFO: Postprocess: Process orphan classes (1294 classes) ...  -- TriplePostProcessor.processOrphanClses()
2010.02.07 03:03:00.048 CET INFO: 20386 ms
 -- TriplePostProcessor.processOrphanClses()
2010.02.07 03:03:00.049 CET INFO: Postprocess: Generalized Concept Inclusion (0 axioms) ...  -- TriplePostProcessor.processGeneralizedConceptInclusions()
2010.02.07 03:03:00.049 CET INFO: 0 ms
 -- TriplePostProcessor.processGeneralizedConceptInclusions()
2010.02.07 03:03:00.050 CET INFO: Postprocess: Abstract classes...  -- TriplePostProcessor.processAbstractClasses()
2010.02.07 03:03:00.050 CET INFO: 0 ms
 -- TriplePostProcessor.processAbstractClasses()
2010.02.07 03:03:00.051 CET INFO: Postprocess: Domain and range of properties...  -- TriplePostProcessor.processDomainAndRange()
2010.02.07 03:03:00.509 CET INFO: 458 ms
 -- TriplePostProcessor.processDomainAndRange()
2010.02.07 03:03:00.510 CET INFO: Postprocess: Possibly typed entities (0 resources) ...  -- TriplePostProcessor.processPossiblyTypedResources()
2010.02.07 03:03:00.511 CET INFO: 0 ms
 -- TriplePostProcessor.processPossiblyTypedResources()
2010.02.07 03:03:00.512 CET INFO: Updating underlying frames model in 0 ms -- ProtegeOWLParser.doFinalPostProcessing()
2010.02.07 03:06:11.855 CET CONFIG: Protege 3.4.1 Build 537, JVM 1.5.0_20-b02-315, memory=532M, Mac OS X, encoding=UTF-8, language=de, country=DE -- SystemUtilities.logSystemInfo()
2010.02.07 03:06:11.885 CET WARNING: Plugins directory not found: /Users/pawelmuller/Sites/studienarbeit.home/eclipse_workspace/GWTLexikonGUI/war/plugins -- PluginUtilities.findPluginsDirectory()
2010.02.07 03:06:13.446 CET WARNING: [Local Folder Repository] The specified file must be a directory. (/Users/pawelmuller/Sites/studienarbeit.home/eclipse_workspace/GWTLexikonGUI/war/plugins/edu.stanford.smi.protegex.owl) -- LocalFolderRepository.update()
2010.02.07 03:06:13.514 CET INFO: Loading triples from: null -- ProtegeOWLParser.loadTriples()
2010.02.07 03:06:15.568 CET INFO:     Loaded 10000 triples 1 -- ProtegeOWLParser$ProtegeOWLStatementHandler.printTriplesLoadLogMessage()
2010.02.07 03:06:16.852 CET INFO:     Loaded 20000 triples 1 -- ProtegeOWLParser$ProtegeOWLStatementHandler.printTriplesLoadLogMessage()
2010.02.07 03:06:18.421 CET INFO:     Loaded 30000 triples 1 -- ProtegeOWLParser$ProtegeOWLStatementHandler.printTriplesLoadLogMessage()
2010.02.07 03:06:18.826 CET INFO:     Completed triple loading after 5152 ms -- ProtegeOWLParser.loadTriples()
2010.02.07 03:06:18.831 CET INFO: Postprocess: Process entities with incorrect Java type (0 entities) ...  -- TriplePostProcessor.processFramesWithWrongJavaType()
2010.02.07 03:06:18.831 CET INFO: 0 ms
 -- TriplePostProcessor.processFramesWithWrongJavaType()
2010.02.07 03:06:18.832 CET INFO: Postprocess: Process metaclasses (3 metaclasses) ...  -- TriplePostProcessor.processMetaclasses()
2010.02.07 03:06:18.833 CET INFO: 1 ms
 -- TriplePostProcessor.processMetaclasses()
2010.02.07 03:06:18.834 CET INFO: Postprocess: Process subclasses of rdf:List (1 classes) ...  -- TriplePostProcessor.processSubclassesOfRdfList()
2010.02.07 03:06:18.835 CET INFO: 1 ms
 -- TriplePostProcessor.processSubclassesOfRdfList()
2010.02.07 03:06:18.836 CET INFO: Postprocess: Instances with multiple types (6654 instances) ...  -- TriplePostProcessor.processInstancesWithMultipleTypes()
2010.02.07 03:06:24.306 CET INFO: 5470 ms
 -- TriplePostProcessor.processInstancesWithMultipleTypes()
2010.02.07 03:06:24.307 CET INFO: Postprocess: Add inferred superclasses ...  -- TriplePostProcessor.processInferredSuperclasses()
2010.02.07 03:06:24.341 CET INFO: 32 ms
 -- TriplePostProcessor.processInferredSuperclasses()
2010.02.07 03:06:24.352 CET INFO: Postprocess: Process orphan classes (1294 classes) ...  -- TriplePostProcessor.processOrphanClses()
2010.02.07 03:06:43.244 CET INFO: 18892 ms
 -- TriplePostProcessor.processOrphanClses()
2010.02.07 03:06:43.245 CET INFO: Postprocess: Generalized Concept Inclusion (0 axioms) ...  -- TriplePostProcessor.processGeneralizedConceptInclusions()
2010.02.07 03:06:43.246 CET INFO: 0 ms
 -- TriplePostProcessor.processGeneralizedConceptInclusions()
2010.02.07 03:06:43.246 CET INFO: Postprocess: Abstract classes...  -- TriplePostProcessor.processAbstractClasses()
2010.02.07 03:06:43.247 CET INFO: 1 ms
 -- TriplePostProcessor.processAbstractClasses()
2010.02.07 03:06:43.248 CET INFO: Postprocess: Domain and range of properties...  -- TriplePostProcessor.processDomainAndRange()
2010.02.07 03:06:43.659 CET INFO: 410 ms
 -- TriplePostProcessor.processDomainAndRange()
2010.02.07 03:06:43.660 CET INFO: Postprocess: Possibly typed entities (0 resources) ...  -- TriplePostProcessor.processPossiblyTypedResources()
2010.02.07 03:06:43.660 CET INFO: 0 ms
 -- TriplePostProcessor.processPossiblyTypedResources()
2010.02.07 03:06:43.661 CET INFO: Updating underlying frames model in 0 ms -- ProtegeOWLParser.doFinalPostProcessing()
2010.02.08 08:49:17.242 CET INFO: *** SYSTEM START ***
2010.02.08 08:49:19.158 CET WARNING: [Local Folder Repository] The specified file must be a directory. (/Users/pawelmuller/Sites/studienarbeit.home/eclipse_workspace/GWTLexikonGUI/war/plugins/edu.stanford.smi.protegex.owl) -- LocalFolderRepository.update()
2010.02.08 08:49:19.252 CET INFO: Loading triples from: null -- ProtegeOWLParser.loadTriples()
2010.02.08 08:49:21.426 CET INFO:     Loaded 10000 triples 1 -- ProtegeOWLParser$ProtegeOWLStatementHandler.printTriplesLoadLogMessage()
2010.02.08 08:49:22.788 CET INFO:     Loaded 20000 triples 1 -- ProtegeOWLParser$ProtegeOWLStatementHandler.printTriplesLoadLogMessage()
2010.02.08 08:49:24.525 CET INFO:     Loaded 30000 triples 1 -- ProtegeOWLParser$ProtegeOWLStatementHandler.printTriplesLoadLogMessage()
2010.02.08 08:49:24.955 CET INFO:     Completed triple loading after 5571 ms -- ProtegeOWLParser.loadTriples()
2010.02.08 08:49:24.960 CET INFO: Postprocess: Process entities with incorrect Java type (0 entities) ...  -- TriplePostProcessor.processFramesWithWrongJavaType()
2010.02.08 08:49:24.960 CET INFO: 0 ms
 -- TriplePostProcessor.processFramesWithWrongJavaType()
2010.02.08 08:49:24.961 CET INFO: Postprocess: Process metaclasses (3 metaclasses) ...  -- TriplePostProcessor.processMetaclasses()
2010.02.08 08:49:24.962 CET INFO: 1 ms
 -- TriplePostProcessor.processMetaclasses()
2010.02.08 08:49:24.963 CET INFO: Postprocess: Process subclasses of rdf:List (1 classes) ...  -- TriplePostProcessor.processSubclassesOfRdfList()
2010.02.08 08:49:24.964 CET INFO: 1 ms
 -- TriplePostProcessor.processSubclassesOfRdfList()
2010.02.08 08:49:24.965 CET INFO: Postprocess: Instances with multiple types (6654 instances) ...  -- TriplePostProcessor.processInstancesWithMultipleTypes()
2010.02.08 08:49:30.874 CET INFO: 5909 ms
 -- TriplePostProcessor.processInstancesWithMultipleTypes()
2010.02.08 08:49:30.875 CET INFO: Postprocess: Add inferred superclasses ...  -- TriplePostProcessor.processInferredSuperclasses()
2010.02.08 08:49:30.907 CET INFO: 32 ms
 -- TriplePostProcessor.processInferredSuperclasses()
2010.02.08 08:49:30.918 CET INFO: Postprocess: Process orphan classes (1294 classes) ...  -- TriplePostProcessor.processOrphanClses()
2010.02.08 08:49:50.946 CET INFO: 20027 ms
 -- TriplePostProcessor.processOrphanClses()
2010.02.08 08:49:50.946 CET INFO: Postprocess: Generalized Concept Inclusion (0 axioms) ...  -- TriplePostProcessor.processGeneralizedConceptInclusions()
2010.02.08 08:49:50.947 CET INFO: 0 ms
 -- TriplePostProcessor.processGeneralizedConceptInclusions()
2010.02.08 08:49:50.947 CET INFO: Postprocess: Abstract classes...  -- TriplePostProcessor.processAbstractClasses()
2010.02.08 08:49:50.948 CET INFO: 1 ms
 -- TriplePostProcessor.processAbstractClasses()
2010.02.08 08:49:50.948 CET INFO: Postprocess: Domain and range of properties...  -- TriplePostProcessor.processDomainAndRange()
2010.02.08 08:49:51.355 CET INFO: 406 ms
 -- TriplePostProcessor.processDomainAndRange()
2010.02.08 08:49:51.356 CET INFO: Postprocess: Possibly typed entities (0 resources) ...  -- TriplePostProcessor.processPossiblyTypedResources()
2010.02.08 08:49:51.356 CET INFO: 0 ms
 -- TriplePostProcessor.processPossiblyTypedResources()
2010.02.08 08:49:51.357 CET INFO: Updating underlying frames model in 0 ms -- ProtegeOWLParser.doFinalPostProcessing()
2010.02.08 10:49:57.789 CET CONFIG: Protege 3.4.1 Build 537, JVM 1.5.0_20-b02-315, memory=532M, Mac OS X, encoding=UTF-8, language=de, country=DE -- SystemUtilities.logSystemInfo()
2010.02.08 10:49:57.819 CET WARNING: Plugins directory not found: /Users/pawelmuller/Sites/studienarbeit.home/eclipse_workspace/GWTLexikonGUI/war/plugins -- PluginUtilities.findPluginsDirectory()
2010.02.08 10:49:59.880 CET WARNING: [Local Folder Repository] The specified file must be a directory. (/Users/pawelmuller/Sites/studienarbeit.home/eclipse_workspace/GWTLexikonGUI/war/plugins/edu.stanford.smi.protegex.owl) -- LocalFolderRepository.update()
2010.02.08 10:49:59.989 CET INFO: Loading triples from: null -- ProtegeOWLParser.loadTriples()
2010.02.08 10:50:02.302 CET INFO:     Loaded 10000 triples 1 -- ProtegeOWLParser$ProtegeOWLStatementHandler.printTriplesLoadLogMessage()
2010.02.08 10:50:03.582 CET INFO:     Loaded 20000 triples 1 -- ProtegeOWLParser$ProtegeOWLStatementHandler.printTriplesLoadLogMessage()
2010.02.08 10:50:05.160 CET INFO:     Loaded 30000 triples 1 -- ProtegeOWLParser$ProtegeOWLStatementHandler.printTriplesLoadLogMessage()
2010.02.08 10:50:05.581 CET INFO:     Completed triple loading after 5426 ms -- ProtegeOWLParser.loadTriples()
2010.02.08 10:50:05.589 CET INFO: Postprocess: Process entities with incorrect Java type (0 entities) ...  -- TriplePostProcessor.processFramesWithWrongJavaType()
2010.02.08 10:50:05.590 CET INFO: 0 ms
 -- TriplePostProcessor.processFramesWithWrongJavaType()
2010.02.08 10:50:05.591 CET INFO: Postprocess: Process metaclasses (3 metaclasses) ...  -- TriplePostProcessor.processMetaclasses()
2010.02.08 10:50:05.592 CET INFO: 1 ms
 -- TriplePostProcessor.processMetaclasses()
2010.02.08 10:50:05.593 CET INFO: Postprocess: Process subclasses of rdf:List (1 classes) ...  -- TriplePostProcessor.processSubclassesOfRdfList()
2010.02.08 10:50:05.594 CET INFO: 1 ms
 -- TriplePostProcessor.processSubclassesOfRdfList()
2010.02.08 10:50:05.595 CET INFO: Postprocess: Instances with multiple types (6654 instances) ...  -- TriplePostProcessor.processInstancesWithMultipleTypes()
2010.02.08 10:50:11.136 CET INFO: 5541 ms
 -- TriplePostProcessor.processInstancesWithMultipleTypes()
2010.02.08 10:50:11.137 CET INFO: Postprocess: Add inferred superclasses ...  -- TriplePostProcessor.processInferredSuperclasses()
2010.02.08 10:50:11.185 CET INFO: 48 ms
 -- TriplePostProcessor.processInferredSuperclasses()
2010.02.08 10:50:11.198 CET INFO: Postprocess: Process orphan classes (1294 classes) ...  -- TriplePostProcessor.processOrphanClses()
2010.02.08 10:50:30.143 CET INFO: 18944 ms
 -- TriplePostProcessor.processOrphanClses()
2010.02.08 10:50:30.144 CET INFO: Postprocess: Generalized Concept Inclusion (0 axioms) ...  -- TriplePostProcessor.processGeneralizedConceptInclusions()
2010.02.08 10:50:30.144 CET INFO: 0 ms
 -- TriplePostProcessor.processGeneralizedConceptInclusions()
2010.02.08 10:50:30.145 CET INFO: Postprocess: Abstract classes...  -- TriplePostProcessor.processAbstractClasses()
2010.02.08 10:50:30.146 CET INFO: 0 ms
 -- TriplePostProcessor.processAbstractClasses()
2010.02.08 10:50:30.146 CET INFO: Postprocess: Domain and range of properties...  -- TriplePostProcessor.processDomainAndRange()
2010.02.08 10:50:30.545 CET INFO: 399 ms
 -- TriplePostProcessor.processDomainAndRange()
2010.02.08 10:50:30.546 CET INFO: Postprocess: Possibly typed entities (0 resources) ...  -- TriplePostProcessor.processPossiblyTypedResources()
2010.02.08 10:50:30.547 CET INFO: 0 ms
 -- TriplePostProcessor.processPossiblyTypedResources()
2010.02.08 10:50:30.548 CET INFO: Updating underlying frames model in 0 ms -- ProtegeOWLParser.doFinalPostProcessing()
2010.03.04 14:08:35.644 CET INFO: *** SYSTEM START ***
2010.03.04 14:08:36.169 CET WARNING: [Local Folder Repository] The specified file must be a directory. (/Users/pawelmuller/Sites/studienarbeit.home/eclipse_workspace/GWTLexikonGUI/war/plugins/edu.stanford.smi.protegex.owl) -- LocalFolderRepository.update()
2010.03.04 14:08:36.662 CET INFO: Loading triples from: null -- ProtegeOWLParser.loadTriples()
2010.03.04 14:08:38.266 CET INFO:     Loaded 10000 triples 1 -- ProtegeOWLParser$ProtegeOWLStatementHandler.printTriplesLoadLogMessage()
2010.03.04 14:08:39.736 CET INFO:     Loaded 20000 triples 1 -- ProtegeOWLParser$ProtegeOWLStatementHandler.printTriplesLoadLogMessage()
2010.03.04 14:08:41.533 CET INFO:     Loaded 30000 triples 1 -- ProtegeOWLParser$ProtegeOWLStatementHandler.printTriplesLoadLogMessage()
2010.03.04 14:08:41.979 CET INFO:     Completed triple loading after 5251 ms -- ProtegeOWLParser.loadTriples()
2010.03.04 14:08:41.982 CET INFO: Postprocess: Process entities with incorrect Java type (0 entities) ...  -- TriplePostProcessor.processFramesWithWrongJavaType()
2010.03.04 14:08:41.983 CET INFO: 0 ms
 -- TriplePostProcessor.processFramesWithWrongJavaType()
2010.03.04 14:08:41.983 CET INFO: Postprocess: Process metaclasses (3 metaclasses) ...  -- TriplePostProcessor.processMetaclasses()
2010.03.04 14:08:41.984 CET INFO: 0 ms
 -- TriplePostProcessor.processMetaclasses()
2010.03.04 14:08:41.984 CET INFO: Postprocess: Process subclasses of rdf:List (1 classes) ...  -- TriplePostProcessor.processSubclassesOfRdfList()
2010.03.04 14:08:41.985 CET INFO: 0 ms
 -- TriplePostProcessor.processSubclassesOfRdfList()
2010.03.04 14:08:41.985 CET INFO: Postprocess: Instances with multiple types (6654 instances) ...  -- TriplePostProcessor.processInstancesWithMultipleTypes()
2010.03.04 14:08:48.417 CET INFO: 6431 ms
 -- TriplePostProcessor.processInstancesWithMultipleTypes()
2010.03.04 14:08:48.418 CET INFO: Postprocess: Add inferred superclasses ...  -- TriplePostProcessor.processInferredSuperclasses()
2010.03.04 14:08:48.425 CET INFO: 7 ms
 -- TriplePostProcessor.processInferredSuperclasses()
2010.03.04 14:08:48.431 CET INFO: Postprocess: Process orphan classes (1294 classes) ...  -- TriplePostProcessor.processOrphanClses()
2010.03.04 14:09:10.359 CET INFO: 21928 ms
 -- TriplePostProcessor.processOrphanClses()
2010.03.04 14:09:10.360 CET INFO: Postprocess: Generalized Concept Inclusion (0 axioms) ...  -- TriplePostProcessor.processGeneralizedConceptInclusions()
2010.03.04 14:09:10.360 CET INFO: 0 ms
 -- TriplePostProcessor.processGeneralizedConceptInclusions()
2010.03.04 14:09:10.361 CET INFO: Postprocess: Abstract classes...  -- TriplePostProcessor.processAbstractClasses()
2010.03.04 14:09:10.361 CET INFO: 0 ms
 -- TriplePostProcessor.processAbstractClasses()
2010.03.04 14:09:10.362 CET INFO: Postprocess: Domain and range of properties...  -- TriplePostProcessor.processDomainAndRange()
2010.03.04 14:09:10.787 CET INFO: 425 ms
 -- TriplePostProcessor.processDomainAndRange()
2010.03.04 14:09:10.788 CET INFO: Postprocess: Possibly typed entities (0 resources) ...  -- TriplePostProcessor.processPossiblyTypedResources()
2010.03.04 14:09:10.788 CET INFO: 0 ms
 -- TriplePostProcessor.processPossiblyTypedResources()
2010.03.04 14:09:10.789 CET INFO: Updating underlying frames model in 0 ms -- ProtegeOWLParser.doFinalPostProcessing()
2010.03.11 13:02:15.211 CET INFO: *** SYSTEM START ***
2010.03.11 13:02:35.929 CET WARNING: [Local Folder Repository] The specified file must be a directory. (/Users/pawelmuller/Sites/studienarbeit.home/eclipse_workspace/GWTLexikonGUI/war/plugins/edu.stanford.smi.protegex.owl) -- LocalFolderRepository.update()
2010.03.11 13:02:36.147 CET INFO: Loading triples from: null -- ProtegeOWLParser.loadTriples()
2010.03.11 13:02:39.410 CET INFO:     Loaded 10000 triples 1 -- ProtegeOWLParser$ProtegeOWLStatementHandler.printTriplesLoadLogMessage()
2010.03.11 13:02:40.751 CET INFO:     Loaded 20000 triples 1 -- ProtegeOWLParser$ProtegeOWLStatementHandler.printTriplesLoadLogMessage()
2010.03.11 13:02:42.723 CET INFO:     Loaded 30000 triples 1 -- ProtegeOWLParser$ProtegeOWLStatementHandler.printTriplesLoadLogMessage()
2010.03.11 13:02:43.337 CET INFO:     Completed triple loading after 6965 ms -- ProtegeOWLParser.loadTriples()
2010.03.11 13:02:43.345 CET INFO: Postprocess: Process entities with incorrect Java type (0 entities) ...  -- TriplePostProcessor.processFramesWithWrongJavaType()
2010.03.11 13:02:43.346 CET INFO: 0 ms
 -- TriplePostProcessor.processFramesWithWrongJavaType()
2010.03.11 13:02:43.347 CET INFO: Postprocess: Process metaclasses (3 metaclasses) ...  -- TriplePostProcessor.processMetaclasses()
2010.03.11 13:02:43.347 CET INFO: 0 ms
 -- TriplePostProcessor.processMetaclasses()
2010.03.11 13:02:43.348 CET INFO: Postprocess: Process subclasses of rdf:List (1 classes) ...  -- TriplePostProcessor.processSubclassesOfRdfList()
2010.03.11 13:02:43.349 CET INFO: 1 ms
 -- TriplePostProcessor.processSubclassesOfRdfList()
2010.03.11 13:02:43.350 CET INFO: Postprocess: Instances with multiple types (6647 instances) ...  -- TriplePostProcessor.processInstancesWithMultipleTypes()
2010.03.11 13:02:49.171 CET INFO: 5763 ms
 -- TriplePostProcessor.processInstancesWithMultipleTypes()
2010.03.11 13:02:49.196 CET INFO: Postprocess: Add inferred superclasses ...  -- TriplePostProcessor.processInferredSuperclasses()
2010.03.11 13:02:49.300 CET INFO: 103 ms
 -- TriplePostProcessor.processInferredSuperclasses()
2010.03.11 13:02:49.313 CET INFO: Postprocess: Process orphan classes (1294 classes) ...  -- TriplePostProcessor.processOrphanClses()
2010.03.11 13:03:08.744 CET INFO: 19430 ms
 -- TriplePostProcessor.processOrphanClses()
2010.03.11 13:03:08.744 CET INFO: Postprocess: Generalized Concept Inclusion (0 axioms) ...  -- TriplePostProcessor.processGeneralizedConceptInclusions()
2010.03.11 13:03:08.745 CET INFO: 0 ms
 -- TriplePostProcessor.processGeneralizedConceptInclusions()
2010.03.11 13:03:08.746 CET INFO: Postprocess: Abstract classes...  -- TriplePostProcessor.processAbstractClasses()
2010.03.11 13:03:08.746 CET INFO: 0 ms
 -- TriplePostProcessor.processAbstractClasses()
2010.03.11 13:03:08.747 CET INFO: Postprocess: Domain and range of properties...  -- TriplePostProcessor.processDomainAndRange()
2010.03.11 13:03:09.150 CET INFO: 402 ms
 -- TriplePostProcessor.processDomainAndRange()
2010.03.11 13:03:09.150 CET INFO: Postprocess: Possibly typed entities (0 resources) ...  -- TriplePostProcessor.processPossiblyTypedResources()
2010.03.11 13:03:09.151 CET INFO: 0 ms
 -- TriplePostProcessor.processPossiblyTypedResources()
2010.03.11 13:03:09.152 CET INFO: Updating underlying frames model in 0 ms -- ProtegeOWLParser.doFinalPostProcessing()
2010.03.11 13:11:08.041 CET CONFIG: Protege 3.4.1 Build 537, JVM 1.5.0_20-b02-315, memory=532M, Mac OS X, encoding=UTF-8, language=de, country=DE -- SystemUtilities.logSystemInfo()
2010.03.11 13:11:08.095 CET WARNING: Plugins directory not found: /Users/pawelmuller/Sites/studienarbeit.home/eclipse_workspace/GWTLexikonGUI/war/plugins -- PluginUtilities.findPluginsDirectory()
2010.03.11 13:11:10.159 CET WARNING: [Local Folder Repository] The specified file must be a directory. (/Users/pawelmuller/Sites/studienarbeit.home/eclipse_workspace/GWTLexikonGUI/war/plugins/edu.stanford.smi.protegex.owl) -- LocalFolderRepository.update()
2010.03.11 13:11:10.233 CET INFO: Loading triples from: null -- ProtegeOWLParser.loadTriples()
2010.03.11 13:11:12.492 CET INFO:     Loaded 10000 triples 1 -- ProtegeOWLParser$ProtegeOWLStatementHandler.printTriplesLoadLogMessage()
2010.03.11 13:11:13.880 CET INFO:     Loaded 20000 triples 1 -- ProtegeOWLParser$ProtegeOWLStatementHandler.printTriplesLoadLogMessage()
2010.03.11 13:11:15.493 CET INFO:     Loaded 30000 triples 1 -- ProtegeOWLParser$ProtegeOWLStatementHandler.printTriplesLoadLogMessage()
2010.03.11 13:11:16.085 CET INFO:     Completed triple loading after 5730 ms -- ProtegeOWLParser.loadTriples()
2010.03.11 13:11:16.093 CET INFO: Postprocess: Process entities with incorrect Java type (0 entities) ...  -- TriplePostProcessor.processFramesWithWrongJavaType()
2010.03.11 13:11:16.094 CET INFO: 0 ms
 -- TriplePostProcessor.processFramesWithWrongJavaType()
2010.03.11 13:11:16.095 CET INFO: Postprocess: Process metaclasses (3 metaclasses) ...  -- TriplePostProcessor.processMetaclasses()
2010.03.11 13:11:16.096 CET INFO: 1 ms
 -- TriplePostProcessor.processMetaclasses()
2010.03.11 13:11:16.097 CET INFO: Postprocess: Process subclasses of rdf:List (1 classes) ...  -- TriplePostProcessor.processSubclassesOfRdfList()
2010.03.11 13:11:16.098 CET INFO: 0 ms
 -- TriplePostProcessor.processSubclassesOfRdfList()
2010.03.11 13:11:16.098 CET INFO: Postprocess: Instances with multiple types (6647 instances) ...  -- TriplePostProcessor.processInstancesWithMultipleTypes()
2010.03.11 13:11:21.856 CET INFO: 5757 ms
 -- TriplePostProcessor.processInstancesWithMultipleTypes()
2010.03.11 13:11:21.857 CET INFO: Postprocess: Add inferred superclasses ...  -- TriplePostProcessor.processInferredSuperclasses()
2010.03.11 13:11:21.899 CET INFO: 42 ms
 -- TriplePostProcessor.processInferredSuperclasses()
2010.03.11 13:11:21.912 CET INFO: Postprocess: Process orphan classes (1294 classes) ...  -- TriplePostProcessor.processOrphanClses()
2010.03.11 13:11:41.871 CET INFO: 19958 ms
 -- TriplePostProcessor.processOrphanClses()
2010.03.11 13:11:41.872 CET INFO: Postprocess: Generalized Concept Inclusion (0 axioms) ...  -- TriplePostProcessor.processGeneralizedConceptInclusions()
2010.03.11 13:11:41.872 CET INFO: 0 ms
 -- TriplePostProcessor.processGeneralizedConceptInclusions()
2010.03.11 13:11:41.873 CET INFO: Postprocess: Abstract classes...  -- TriplePostProcessor.processAbstractClasses()
2010.03.11 13:11:41.874 CET INFO: 0 ms
 -- TriplePostProcessor.processAbstractClasses()
2010.03.11 13:11:41.874 CET INFO: Postprocess: Domain and range of properties...  -- TriplePostProcessor.processDomainAndRange()
2010.03.11 13:11:42.289 CET INFO: 415 ms
 -- TriplePostProcessor.processDomainAndRange()
2010.03.11 13:11:42.290 CET INFO: Postprocess: Possibly typed entities (0 resources) ...  -- TriplePostProcessor.processPossiblyTypedResources()
2010.03.11 13:11:42.291 CET INFO: 0 ms
 -- TriplePostProcessor.processPossiblyTypedResources()
2010.03.11 13:11:42.292 CET INFO: Updating underlying frames model in 0 ms -- ProtegeOWLParser.doFinalPostProcessing()
2010.03.11 13:20:35.123 CET CONFIG: Protege 3.4.1 Build 537, JVM 1.5.0_20-b02-315, memory=532M, Mac OS X, encoding=UTF-8, language=de, country=DE -- SystemUtilities.logSystemInfo()
2010.03.11 13:20:35.216 CET WARNING: Plugins directory not found: /Users/pawelmuller/Sites/studienarbeit.home/eclipse_workspace/GWTLexikonGUI/war/plugins -- PluginUtilities.findPluginsDirectory()
2010.03.11 13:20:47.592 CET WARNING: [Local Folder Repository] The specified file must be a directory. (/Users/pawelmuller/Sites/studienarbeit.home/eclipse_workspace/GWTLexikonGUI/war/plugins/edu.stanford.smi.protegex.owl) -- LocalFolderRepository.update()
2010.03.11 13:20:47.826 CET INFO: Loading triples from: null -- ProtegeOWLParser.loadTriples()
2010.03.11 13:20:50.123 CET INFO:     Loaded 10000 triples 1 -- ProtegeOWLParser$ProtegeOWLStatementHandler.printTriplesLoadLogMessage()
2010.03.11 13:20:51.441 CET INFO:     Loaded 20000 triples 1 -- ProtegeOWLParser$ProtegeOWLStatementHandler.printTriplesLoadLogMessage()
2010.03.11 13:20:53.089 CET INFO:     Loaded 30000 triples 1 -- ProtegeOWLParser$ProtegeOWLStatementHandler.printTriplesLoadLogMessage()
2010.03.11 13:20:53.729 CET INFO:     Completed triple loading after 5769 ms -- ProtegeOWLParser.loadTriples()
2010.03.11 13:20:54.083 CET INFO: Postprocess: Process entities with incorrect Java type (0 entities) ...  -- TriplePostProcessor.processFramesWithWrongJavaType()
2010.03.11 13:20:54.086 CET INFO: 0 ms
 -- TriplePostProcessor.processFramesWithWrongJavaType()
2010.03.11 13:20:54.086 CET INFO: Postprocess: Process metaclasses (3 metaclasses) ...  -- TriplePostProcessor.processMetaclasses()
2010.03.11 13:20:54.088 CET INFO: 0 ms
 -- TriplePostProcessor.processMetaclasses()
2010.03.11 13:20:54.089 CET INFO: Postprocess: Process subclasses of rdf:List (1 classes) ...  -- TriplePostProcessor.processSubclassesOfRdfList()
2010.03.11 13:20:54.089 CET INFO: 0 ms
 -- TriplePostProcessor.processSubclassesOfRdfList()
2010.03.11 13:20:54.090 CET INFO: Postprocess: Instances with multiple types (6647 instances) ...  -- TriplePostProcessor.processInstancesWithMultipleTypes()
2010.03.11 13:20:59.994 CET INFO: 5862 ms
 -- TriplePostProcessor.processInstancesWithMultipleTypes()
2010.03.11 13:21:00.072 CET INFO: Postprocess: Add inferred superclasses ...  -- TriplePostProcessor.processInferredSuperclasses()
2010.03.11 13:21:00.140 CET INFO: 68 ms
 -- TriplePostProcessor.processInferredSuperclasses()
2010.03.11 13:21:00.159 CET INFO: Postprocess: Process orphan classes (1294 classes) ...  -- TriplePostProcessor.processOrphanClses()
2010.03.11 13:21:42.147 CET INFO: 41750 ms
 -- TriplePostProcessor.processOrphanClses()
2010.03.11 13:21:42.377 CET INFO: Postprocess: Generalized Concept Inclusion (0 axioms) ...  -- TriplePostProcessor.processGeneralizedConceptInclusions()
2010.03.11 13:21:42.420 CET INFO: 41 ms
 -- TriplePostProcessor.processGeneralizedConceptInclusions()
2010.03.11 13:21:42.420 CET INFO: Postprocess: Abstract classes...  -- TriplePostProcessor.processAbstractClasses()
2010.03.11 13:21:42.524 CET INFO: 103 ms
 -- TriplePostProcessor.processAbstractClasses()
2010.03.11 13:21:42.525 CET INFO: Postprocess: Domain and range of properties...  -- TriplePostProcessor.processDomainAndRange()
2010.03.11 13:21:48.170 CET INFO: 5624 ms
 -- TriplePostProcessor.processDomainAndRange()
2010.03.11 13:21:48.225 CET INFO: Postprocess: Possibly typed entities (0 resources) ...  -- TriplePostProcessor.processPossiblyTypedResources()
2010.03.11 13:21:48.226 CET INFO: 0 ms
 -- TriplePostProcessor.processPossiblyTypedResources()
2010.03.11 13:21:48.280 CET INFO: Updating underlying frames model in 38 ms -- ProtegeOWLParser.doFinalPostProcessing()
2010.03.11 13:32:05.727 CET CONFIG: Protege 3.4.1 Build 537, JVM 1.5.0_20-b02-315, memory=532M, Mac OS X, encoding=UTF-8, language=de, country=DE -- SystemUtilities.logSystemInfo()
2010.03.11 13:32:05.878 CET WARNING: Plugins directory not found: /Users/pawelmuller/Sites/studienarbeit.home/eclipse_workspace/GWTLexikonGUI/war/plugins -- PluginUtilities.findPluginsDirectory()
2010.03.11 13:41:13.311 CET INFO: *** SYSTEM START ***
2010.03.11 13:41:14.132 CET WARNING: [Local Folder Repository] The specified file must be a directory. (/Users/pawelmuller/Sites/studienarbeit.home/eclipse_workspace/GWTLexikonGUI/war/plugins/edu.stanford.smi.protegex.owl) -- LocalFolderRepository.update()
2010.03.11 13:41:14.193 CET INFO: Loading triples from: null -- ProtegeOWLParser.loadTriples()
2010.03.11 13:41:16.184 CET INFO:     Loaded 10000 triples 1 -- ProtegeOWLParser$ProtegeOWLStatementHandler.printTriplesLoadLogMessage()
2010.03.11 13:41:17.437 CET INFO:     Loaded 20000 triples 1 -- ProtegeOWLParser$ProtegeOWLStatementHandler.printTriplesLoadLogMessage()
2010.03.11 13:41:18.962 CET INFO:     Loaded 30000 triples 1 -- ProtegeOWLParser$ProtegeOWLStatementHandler.printTriplesLoadLogMessage()
2010.03.11 13:41:19.528 CET INFO:     Completed triple loading after 5221 ms -- ProtegeOWLParser.loadTriples()
2010.03.11 13:41:19.532 CET INFO: Postprocess: Process entities with incorrect Java type (0 entities) ...  -- TriplePostProcessor.processFramesWithWrongJavaType()
2010.03.11 13:41:19.533 CET INFO: 0 ms
 -- TriplePostProcessor.processFramesWithWrongJavaType()
2010.03.11 13:41:19.534 CET INFO: Postprocess: Process metaclasses (3 metaclasses) ...  -- TriplePostProcessor.processMetaclasses()
2010.03.11 13:41:19.534 CET INFO: 0 ms
 -- TriplePostProcessor.processMetaclasses()
2010.03.11 13:41:19.535 CET INFO: Postprocess: Process subclasses of rdf:List (1 classes) ...  -- TriplePostProcessor.processSubclassesOfRdfList()
2010.03.11 13:41:19.536 CET INFO: 1 ms
 -- TriplePostProcessor.processSubclassesOfRdfList()
2010.03.11 13:41:19.536 CET INFO: Postprocess: Instances with multiple types (6647 instances) ...  -- TriplePostProcessor.processInstancesWithMultipleTypes()
2010.03.11 13:41:25.017 CET INFO: 5480 ms
 -- TriplePostProcessor.processInstancesWithMultipleTypes()
2010.03.11 13:41:25.018 CET INFO: Postprocess: Add inferred superclasses ...  -- TriplePostProcessor.processInferredSuperclasses()
2010.03.11 13:41:25.045 CET INFO: 27 ms
 -- TriplePostProcessor.processInferredSuperclasses()
2010.03.11 13:41:25.056 CET INFO: Postprocess: Process orphan classes (1294 classes) ...  -- TriplePostProcessor.processOrphanClses()
2010.03.11 13:41:44.055 CET INFO: 18999 ms
 -- TriplePostProcessor.processOrphanClses()
2010.03.11 13:41:44.056 CET INFO: Postprocess: Generalized Concept Inclusion (0 axioms) ...  -- TriplePostProcessor.processGeneralizedConceptInclusions()
2010.03.11 13:41:44.057 CET INFO: 0 ms
 -- TriplePostProcessor.processGeneralizedConceptInclusions()
2010.03.11 13:41:44.057 CET INFO: Postprocess: Abstract classes...  -- TriplePostProcessor.processAbstractClasses()
2010.03.11 13:41:44.058 CET INFO: 0 ms
 -- TriplePostProcessor.processAbstractClasses()
2010.03.11 13:41:44.058 CET INFO: Postprocess: Domain and range of properties...  -- TriplePostProcessor.processDomainAndRange()
2010.03.11 13:41:44.468 CET INFO: 410 ms
 -- TriplePostProcessor.processDomainAndRange()
2010.03.11 13:41:44.469 CET INFO: Postprocess: Possibly typed entities (0 resources) ...  -- TriplePostProcessor.processPossiblyTypedResources()
2010.03.11 13:41:44.470 CET INFO: 0 ms
 -- TriplePostProcessor.processPossiblyTypedResources()
2010.03.11 13:41:44.471 CET INFO: Updating underlying frames model in 0 ms -- ProtegeOWLParser.doFinalPostProcessing()
2010.03.12 00:35:00.162 CET INFO: *** SYSTEM START ***
2010.03.12 00:35:02.740 CET WARNING: [Local Folder Repository] The specified file must be a directory. (/Users/pawelmuller/Sites/studienarbeit.home/eclipse_workspace/GWTLexikonGUI/war/plugins/edu.stanford.smi.protegex.owl) -- LocalFolderRepository.update()
2010.03.12 00:35:02.805 CET INFO: Loading triples from: null -- ProtegeOWLParser.loadTriples()
2010.03.12 00:35:04.989 CET INFO:     Loaded 10000 triples 1 -- ProtegeOWLParser$ProtegeOWLStatementHandler.printTriplesLoadLogMessage()
2010.03.12 00:35:06.338 CET INFO:     Loaded 20000 triples 1 -- ProtegeOWLParser$ProtegeOWLStatementHandler.printTriplesLoadLogMessage()
2010.03.12 00:35:08.069 CET INFO:     Loaded 30000 triples 1 -- ProtegeOWLParser$ProtegeOWLStatementHandler.printTriplesLoadLogMessage()
2010.03.12 00:35:08.802 CET INFO:     Completed triple loading after 5874 ms -- ProtegeOWLParser.loadTriples()
2010.03.12 00:35:08.810 CET INFO: Postprocess: Process entities with incorrect Java type (0 entities) ...  -- TriplePostProcessor.processFramesWithWrongJavaType()
2010.03.12 00:35:08.811 CET INFO: 0 ms
 -- TriplePostProcessor.processFramesWithWrongJavaType()
2010.03.12 00:35:08.812 CET INFO: Postprocess: Process metaclasses (3 metaclasses) ...  -- TriplePostProcessor.processMetaclasses()
2010.03.12 00:35:08.813 CET INFO: 1 ms
 -- TriplePostProcessor.processMetaclasses()
2010.03.12 00:35:08.814 CET INFO: Postprocess: Process subclasses of rdf:List (1 classes) ...  -- TriplePostProcessor.processSubclassesOfRdfList()
2010.03.12 00:35:08.815 CET INFO: 1 ms
 -- TriplePostProcessor.processSubclassesOfRdfList()
2010.03.12 00:35:08.816 CET INFO: Postprocess: Instances with multiple types (6647 instances) ...  -- TriplePostProcessor.processInstancesWithMultipleTypes()
2010.03.12 00:35:15.013 CET INFO: 6197 ms
 -- TriplePostProcessor.processInstancesWithMultipleTypes()
2010.03.12 00:35:15.014 CET INFO: Postprocess: Add inferred superclasses ...  -- TriplePostProcessor.processInferredSuperclasses()
2010.03.12 00:35:15.066 CET INFO: 52 ms
 -- TriplePostProcessor.processInferredSuperclasses()
2010.03.12 00:35:15.080 CET INFO: Postprocess: Process orphan classes (1294 classes) ...  -- TriplePostProcessor.processOrphanClses()
2010.03.12 00:35:35.997 CET INFO: 20916 ms
 -- TriplePostProcessor.processOrphanClses()
2010.03.12 00:35:35.998 CET INFO: Postprocess: Generalized Concept Inclusion (0 axioms) ...  -- TriplePostProcessor.processGeneralizedConceptInclusions()
2010.03.12 00:35:35.999 CET INFO: 0 ms
 -- TriplePostProcessor.processGeneralizedConceptInclusions()
2010.03.12 00:35:35.999 CET INFO: Postprocess: Abstract classes...  -- TriplePostProcessor.processAbstractClasses()
2010.03.12 00:35:36.000 CET INFO: 0 ms
 -- TriplePostProcessor.processAbstractClasses()
2010.03.12 00:35:36.000 CET INFO: Postprocess: Domain and range of properties...  -- TriplePostProcessor.processDomainAndRange()
2010.03.12 00:35:36.442 CET INFO: 441 ms
 -- TriplePostProcessor.processDomainAndRange()
2010.03.12 00:35:36.443 CET INFO: Postprocess: Possibly typed entities (0 resources) ...  -- TriplePostProcessor.processPossiblyTypedResources()
2010.03.12 00:35:36.443 CET INFO: 0 ms
 -- TriplePostProcessor.processPossiblyTypedResources()
2010.03.12 00:35:36.445 CET INFO: Updating underlying frames model in 0 ms -- ProtegeOWLParser.doFinalPostProcessing()
2010.04.28 12:25:09.708 CEST INFO: *** SYSTEM START ***
2010.04.28 12:25:11.398 CEST WARNING: [Local Folder Repository] The specified file must be a directory. (/Users/pawelmuller/Sites/studienarbeit.home/eclipse_workspace/GWTLexikonGUI/war/plugins/edu.stanford.smi.protegex.owl) -- LocalFolderRepository.update()
2010.04.28 12:25:11.485 CEST INFO: Loading triples from: null -- ProtegeOWLParser.loadTriples()
2010.04.28 12:25:15.975 CEST INFO:     Loaded 10000 triples 1 -- ProtegeOWLParser$ProtegeOWLStatementHandler.printTriplesLoadLogMessage()
2010.04.28 12:25:17.199 CEST INFO:     Loaded 20000 triples 1 -- ProtegeOWLParser$ProtegeOWLStatementHandler.printTriplesLoadLogMessage()
2010.04.28 12:25:18.595 CEST INFO:     Loaded 30000 triples 1 -- ProtegeOWLParser$ProtegeOWLStatementHandler.printTriplesLoadLogMessage()
2010.04.28 12:25:20.190 CEST INFO:     Completed triple loading after 8472 ms -- ProtegeOWLParser.loadTriples()
2010.04.28 12:25:20.194 CEST INFO: Postprocess: Process entities with incorrect Java type (0 entities) ...  -- TriplePostProcessor.processFramesWithWrongJavaType()
2010.04.28 12:25:20.195 CEST INFO: 1 ms
 -- TriplePostProcessor.processFramesWithWrongJavaType()
2010.04.28 12:25:20.196 CEST INFO: Postprocess: Process metaclasses (3 metaclasses) ...  -- TriplePostProcessor.processMetaclasses()
2010.04.28 12:25:20.197 CEST INFO: 1 ms
 -- TriplePostProcessor.processMetaclasses()
2010.04.28 12:25:20.198 CEST INFO: Postprocess: Process subclasses of rdf:List (1 classes) ...  -- TriplePostProcessor.processSubclassesOfRdfList()
2010.04.28 12:25:20.198 CEST INFO: 0 ms
 -- TriplePostProcessor.processSubclassesOfRdfList()
2010.04.28 12:25:20.199 CEST INFO: Postprocess: Instances with multiple types (6650 instances) ...  -- TriplePostProcessor.processInstancesWithMultipleTypes()
2010.04.28 12:25:25.994 CEST INFO: 5794 ms
 -- TriplePostProcessor.processInstancesWithMultipleTypes()
2010.04.28 12:25:25.994 CEST INFO: Postprocess: Add inferred superclasses ...  -- TriplePostProcessor.processInferredSuperclasses()
2010.04.28 12:25:26.059 CEST INFO: 61 ms
 -- TriplePostProcessor.processInferredSuperclasses()
2010.04.28 12:25:26.077 CEST INFO: Postprocess: Process orphan classes (1294 classes) ...  -- TriplePostProcessor.processOrphanClses()
2010.04.28 12:25:45.303 CEST INFO: 19225 ms
 -- TriplePostProcessor.processOrphanClses()
2010.04.28 12:25:45.303 CEST INFO: Postprocess: Generalized Concept Inclusion (0 axioms) ...  -- TriplePostProcessor.processGeneralizedConceptInclusions()
2010.04.28 12:25:45.304 CEST INFO: 0 ms
 -- TriplePostProcessor.processGeneralizedConceptInclusions()
2010.04.28 12:25:45.304 CEST INFO: Postprocess: Abstract classes...  -- TriplePostProcessor.processAbstractClasses()
2010.04.28 12:25:45.305 CEST INFO: 0 ms
 -- TriplePostProcessor.processAbstractClasses()
2010.04.28 12:25:45.305 CEST INFO: Postprocess: Domain and range of properties...  -- TriplePostProcessor.processDomainAndRange()
2010.04.28 12:25:45.667 CEST INFO: 362 ms
 -- TriplePostProcessor.processDomainAndRange()
2010.04.28 12:25:45.668 CEST INFO: Postprocess: Possibly typed entities (0 resources) ...  -- TriplePostProcessor.processPossiblyTypedResources()
2010.04.28 12:25:45.668 CEST INFO: 0 ms
 -- TriplePostProcessor.processPossiblyTypedResources()
2010.04.28 12:25:45.669 CEST INFO: Updating underlying frames model in 0 ms -- ProtegeOWLParser.doFinalPostProcessing()
2010.04.28 15:16:01.450 CEST CONFIG: Protege 3.4.1 Build 537, JVM 1.5.0_20-b02-315, memory=532M, Mac OS X, encoding=UTF-8, language=de, country=DE -- SystemUtilities.logSystemInfo()
2010.04.28 15:16:01.486 CEST WARNING: Plugins directory not found: /Users/pawelmuller/Sites/studienarbeit.home/eclipse_workspace/GWTLexikonGUI/war/plugins -- PluginUtilities.findPluginsDirectory()
2010.06.01 10:29:12.937 CEST INFO: *** SYSTEM START ***
2010.06.01 10:29:14.194 CEST WARNING: [Local Folder Repository] The specified file must be a directory. (/Users/pawelmuller/Sites/studienarbeit.home/eclipse_workspace/GWTLexikonGUI/war/plugins/edu.stanford.smi.protegex.owl) -- LocalFolderRepository.update()
2010.06.01 10:29:14.312 CEST INFO: Loading triples from: null -- ProtegeOWLParser.loadTriples()
2010.06.01 10:29:16.653 CEST INFO:     Loaded 10000 triples 1 -- ProtegeOWLParser$ProtegeOWLStatementHandler.printTriplesLoadLogMessage()
2010.06.01 10:29:17.495 CEST INFO:     Completed triple loading after 2992 ms -- ProtegeOWLParser.loadTriples()
2010.06.01 10:29:17.503 CEST INFO: Postprocess: Process entities with incorrect Java type (0 entities) ...  -- TriplePostProcessor.processFramesWithWrongJavaType()
2010.06.01 10:29:17.503 CEST INFO: 0 ms
 -- TriplePostProcessor.processFramesWithWrongJavaType()
2010.06.01 10:29:17.505 CEST INFO: Postprocess: Process metaclasses (3 metaclasses) ...  -- TriplePostProcessor.processMetaclasses()
2010.06.01 10:29:17.506 CEST INFO: 0 ms
 -- TriplePostProcessor.processMetaclasses()
2010.06.01 10:29:17.506 CEST INFO: Postprocess: Process subclasses of rdf:List (1 classes) ...  -- TriplePostProcessor.processSubclassesOfRdfList()
2010.06.01 10:29:17.507 CEST INFO: 1 ms
 -- TriplePostProcessor.processSubclassesOfRdfList()
2010.06.01 10:29:17.508 CEST INFO: Postprocess: Instances with multiple types (1229 instances) ...  -- TriplePostProcessor.processInstancesWithMultipleTypes()
2010.06.01 10:29:17.823 CEST INFO: 314 ms
 -- TriplePostProcessor.processInstancesWithMultipleTypes()
2010.06.01 10:29:17.824 CEST INFO: Postprocess: Add inferred superclasses ...  -- TriplePostProcessor.processInferredSuperclasses()
2010.06.01 10:29:17.902 CEST INFO: 78 ms
 -- TriplePostProcessor.processInferredSuperclasses()
2010.06.01 10:29:17.913 CEST INFO: Postprocess: Process orphan classes (1294 classes) ...  -- TriplePostProcessor.processOrphanClses()
2010.06.01 10:29:39.032 CEST INFO: 21025 ms
 -- TriplePostProcessor.processOrphanClses()
2010.06.01 10:29:39.033 CEST INFO: Postprocess: Generalized Concept Inclusion (0 axioms) ...  -- TriplePostProcessor.processGeneralizedConceptInclusions()
2010.06.01 10:29:39.033 CEST INFO: 0 ms
 -- TriplePostProcessor.processGeneralizedConceptInclusions()
2010.06.01 10:29:39.034 CEST INFO: Postprocess: Abstract classes...  -- TriplePostProcessor.processAbstractClasses()
2010.06.01 10:29:39.034 CEST INFO: 0 ms
 -- TriplePostProcessor.processAbstractClasses()
2010.06.01 10:29:39.035 CEST INFO: Postprocess: Domain and range of properties...  -- TriplePostProcessor.processDomainAndRange()
2010.06.01 10:29:39.229 CEST INFO: 193 ms
 -- TriplePostProcessor.processDomainAndRange()
2010.06.01 10:29:39.229 CEST INFO: Postprocess: Possibly typed entities (0 resources) ...  -- TriplePostProcessor.processPossiblyTypedResources()
2010.06.01 10:29:39.230 CEST INFO: 0 ms
 -- TriplePostProcessor.processPossiblyTypedResources()
2010.06.01 10:29:39.230 CEST INFO: Updating underlying frames model in 0 ms -- ProtegeOWLParser.doFinalPostProcessing()
2010.06.01 17:25:04.037 CEST INFO: *** SYSTEM START ***
2010.06.01 17:25:05.836 CEST WARNING: [Local Folder Repository] The specified file must be a directory. (/Users/pawelmuller/Sites/studienarbeit.home/eclipse_workspace/GWTLexikonGUI/war/plugins/edu.stanford.smi.protegex.owl) -- LocalFolderRepository.update()
2010.06.01 17:25:05.889 CEST INFO: Loading triples from: null -- ProtegeOWLParser.loadTriples()
2010.06.01 17:25:07.552 CEST INFO:     Loaded 10000 triples 1 -- ProtegeOWLParser$ProtegeOWLStatementHandler.printTriplesLoadLogMessage()
2010.06.01 17:25:08.337 CEST INFO:     Completed triple loading after 2323 ms -- ProtegeOWLParser.loadTriples()
2010.06.01 17:25:08.344 CEST INFO: Postprocess: Process entities with incorrect Java type (0 entities) ...  -- TriplePostProcessor.processFramesWithWrongJavaType()
2010.06.01 17:25:08.344 CEST INFO: 0 ms
 -- TriplePostProcessor.processFramesWithWrongJavaType()
2010.06.01 17:25:08.345 CEST INFO: Postprocess: Process metaclasses (3 metaclasses) ...  -- TriplePostProcessor.processMetaclasses()
2010.06.01 17:25:08.347 CEST INFO: 0 ms
 -- TriplePostProcessor.processMetaclasses()
2010.06.01 17:25:08.347 CEST INFO: Postprocess: Process subclasses of rdf:List (1 classes) ...  -- TriplePostProcessor.processSubclassesOfRdfList()
2010.06.01 17:25:08.348 CEST INFO: 1 ms
 -- TriplePostProcessor.processSubclassesOfRdfList()
2010.06.01 17:25:08.349 CEST INFO: Postprocess: Instances with multiple types (1229 instances) ...  -- TriplePostProcessor.processInstancesWithMultipleTypes()
2010.06.01 17:25:08.622 CEST INFO: 272 ms
 -- TriplePostProcessor.processInstancesWithMultipleTypes()
2010.06.01 17:25:08.622 CEST INFO: Postprocess: Add inferred superclasses ...  -- TriplePostProcessor.processInferredSuperclasses()
2010.06.01 17:25:08.635 CEST INFO: 11 ms
 -- TriplePostProcessor.processInferredSuperclasses()
2010.06.01 17:25:08.701 CEST INFO: Postprocess: Process orphan classes (1294 classes) ...  -- TriplePostProcessor.processOrphanClses()
2010.06.01 17:25:29.407 CEST INFO: 20705 ms
 -- TriplePostProcessor.processOrphanClses()
2010.06.01 17:25:29.408 CEST INFO: Postprocess: Generalized Concept Inclusion (0 axioms) ...  -- TriplePostProcessor.processGeneralizedConceptInclusions()
2010.06.01 17:25:29.409 CEST INFO: 0 ms
 -- TriplePostProcessor.processGeneralizedConceptInclusions()
2010.06.01 17:25:29.409 CEST INFO: Postprocess: Abstract classes...  -- TriplePostProcessor.processAbstractClasses()
2010.06.01 17:25:29.410 CEST INFO: 0 ms
 -- TriplePostProcessor.processAbstractClasses()
2010.06.01 17:25:29.410 CEST INFO: Postprocess: Domain and range of properties...  -- TriplePostProcessor.processDomainAndRange()
2010.06.01 17:25:29.604 CEST INFO: 193 ms
 -- TriplePostProcessor.processDomainAndRange()
2010.06.01 17:25:29.605 CEST INFO: Postprocess: Possibly typed entities (0 resources) ...  -- TriplePostProcessor.processPossiblyTypedResources()
2010.06.01 17:25:29.605 CEST INFO: 0 ms
 -- TriplePostProcessor.processPossiblyTypedResources()
2010.06.01 17:25:29.607 CEST INFO: Updating underlying frames model in 0 ms -- ProtegeOWLParser.doFinalPostProcessing()
