2010.02.01 16:52:12.372 CET INFO: *** SYSTEM START ***
2010.02.01 16:52:12.842 CET WARNING: [Local Folder Repository] The specified file must be a directory. (/Users/pawelmuller/Sites/studienarbeit.home/eclipse_workspace/GWTLexikonGUI/war/plugins/edu.stanford.smi.protegex.owl) -- LocalFolderRepository.update()
2010.02.01 16:52:12.868 CET INFO: Loading triples from: null -- ProtegeOWLParser.loadTriples()
2010.02.01 16:52:14.828 CET INFO:     Loaded 10000 triples 1 -- ProtegeOWLParser$ProtegeOWLStatementHandler.printTriplesLoadLogMessage()
2010.02.01 16:52:16.103 CET INFO:     Loaded 20000 triples 1 -- ProtegeOWLParser$ProtegeOWLStatementHandler.printTriplesLoadLogMessage()
2010.02.01 16:52:17.726 CET INFO:     Loaded 30000 triples 1 -- ProtegeOWLParser$ProtegeOWLStatementHandler.printTriplesLoadLogMessage()
2010.02.01 16:52:18.145 CET INFO:     Completed triple loading after 5208 ms -- ProtegeOWLParser.loadTriples()
2010.02.01 16:52:18.148 CET INFO: Postprocess: Process entities with incorrect Java type (0 entities) ...  -- TriplePostProcessor.processFramesWithWrongJavaType()
2010.02.01 16:52:18.149 CET INFO: 0 ms
 -- TriplePostProcessor.processFramesWithWrongJavaType()
2010.02.01 16:52:18.150 CET INFO: Postprocess: Process metaclasses (3 metaclasses) ...  -- TriplePostProcessor.processMetaclasses()
2010.02.01 16:52:18.151 CET INFO: 1 ms
 -- TriplePostProcessor.processMetaclasses()
2010.02.01 16:52:18.152 CET INFO: Postprocess: Process subclasses of rdf:List (1 classes) ...  -- TriplePostProcessor.processSubclassesOfRdfList()
2010.02.01 16:52:18.153 CET INFO: 0 ms
 -- TriplePostProcessor.processSubclassesOfRdfList()
2010.02.01 16:52:18.154 CET INFO: Postprocess: Instances with multiple types (6654 instances) ...  -- TriplePostProcessor.processInstancesWithMultipleTypes()
2010.02.01 16:52:23.895 CET INFO: 5740 ms
 -- TriplePostProcessor.processInstancesWithMultipleTypes()
2010.02.01 16:52:23.896 CET INFO: Postprocess: Add inferred superclasses ...  -- TriplePostProcessor.processInferredSuperclasses()
2010.02.01 16:52:23.902 CET INFO: 6 ms
 -- TriplePostProcessor.processInferredSuperclasses()
2010.02.01 16:52:23.909 CET INFO: Postprocess: Process orphan classes (1294 classes) ...  -- TriplePostProcessor.processOrphanClses()
2010.02.01 16:52:43.626 CET INFO: 19716 ms
 -- TriplePostProcessor.processOrphanClses()
2010.02.01 16:52:43.627 CET INFO: Postprocess: Generalized Concept Inclusion (0 axioms) ...  -- TriplePostProcessor.processGeneralizedConceptInclusions()
2010.02.01 16:52:43.628 CET INFO: 0 ms
 -- TriplePostProcessor.processGeneralizedConceptInclusions()
2010.02.01 16:52:43.630 CET INFO: Postprocess: Abstract classes...  -- TriplePostProcessor.processAbstractClasses()
2010.02.01 16:52:43.631 CET INFO: 0 ms
 -- TriplePostProcessor.processAbstractClasses()
2010.02.01 16:52:43.632 CET INFO: Postprocess: Domain and range of properties...  -- TriplePostProcessor.processDomainAndRange()
2010.02.01 16:52:44.033 CET INFO: 400 ms
 -- TriplePostProcessor.processDomainAndRange()
2010.02.01 16:52:44.035 CET INFO: Postprocess: Possibly typed entities (0 resources) ...  -- TriplePostProcessor.processPossiblyTypedResources()
2010.02.01 16:52:44.035 CET INFO: 0 ms
 -- TriplePostProcessor.processPossiblyTypedResources()
2010.02.01 16:52:44.037 CET INFO: Updating underlying frames model in 0 ms -- ProtegeOWLParser.doFinalPostProcessing()
